<?xml version="1.0" encoding="UTF-8" ?>
<testsuite errors="0" failures="0" hostname="zialen-Aspire-A315-53" name="Algorithms.SqrtTest" skipped="0" tests="2" time="0.199" timestamp="2021-07-14T08:54:35">
  <properties>
    <property name="libs.spring-framework300.classpath" value="/usr/local/netbeans-12.3/netbeans/platform/modules/org-apache-commons-logging.jar:/usr/local/netbeans-12.3/netbeans/java/modules/ext/cglib-2.2.jar:/usr/local/netbeans-12.3/netbeans/java/modules/ext/spring-3.0/spring-aop-3.2.18.RELEASE.jar:/usr/local/netbeans-12.3/netbeans/java/modules/ext/spring-3.0/spring-aspects-3.2.18.RELEASE.jar:/usr/local/netbeans-12.3/netbeans/java/modules/ext/spring-3.0/spring-beans-3.2.18.RELEASE.jar:/usr/local/netbeans-12.3/netbeans/java/modules/ext/spring-3.0/spring-context-3.2.18.RELEASE.jar:/usr/local/netbeans-12.3/netbeans/java/modules/ext/spring-3.0/spring-context-support-3.2.18.RELEASE.jar:/usr/local/netbeans-12.3/netbeans/java/modules/ext/spring-3.0/spring-core-3.2.18.RELEASE.jar:/usr/local/netbeans-12.3/netbeans/java/modules/ext/spring-3.0/spring-expression-3.2.18.RELEASE.jar:/usr/local/netbeans-12.3/netbeans/java/modules/ext/spring-3.0/spring-instrument-3.2.18.RELEASE.jar:/usr/local/netbeans-12.3/netbeans/java/modules/ext/spring-3.0/spring-instrument-tomcat-3.2.18.RELEASE.jar:/usr/local/netbeans-12.3/netbeans/java/modules/ext/spring-3.0/spring-jdbc-3.2.18.RELEASE.jar:/usr/local/netbeans-12.3/netbeans/java/modules/ext/spring-3.0/spring-jms-3.2.18.RELEASE.jar:/usr/local/netbeans-12.3/netbeans/java/modules/ext/spring-3.0/spring-orm-3.2.18.RELEASE.jar:/usr/local/netbeans-12.3/netbeans/java/modules/ext/spring-3.0/spring-oxm-3.2.18.RELEASE.jar:/usr/local/netbeans-12.3/netbeans/java/modules/ext/spring-3.0/spring-struts-3.2.18.RELEASE.jar:/usr/local/netbeans-12.3/netbeans/java/modules/ext/spring-3.0/spring-test-3.2.18.RELEASE.jar:/usr/local/netbeans-12.3/netbeans/java/modules/ext/spring-3.0/spring-tx-3.2.18.RELEASE.jar:/usr/local/netbeans-12.3/netbeans/java/modules/ext/spring-3.0/spring-web-3.2.18.RELEASE.jar:/usr/local/netbeans-12.3/netbeans/java/modules/ext/spring-3.0/spring-webmvc-3.2.18.RELEASE.jar:/usr/local/netbeans-12.3/netbeans/java/modules/ext/spring-3.0/spring-webmvc-portlet-3.2.18.RELEASE.jar" />
    <property name="javac.test.classpath" value="/home/zialen/javafx-sdk-11.0.2/lib/javafx-swt.jar:/home/zialen/javafx-sdk-11.0.2/lib/javafx.base.jar:/home/zialen/javafx-sdk-11.0.2/lib/javafx.controls.jar:/home/zialen/javafx-sdk-11.0.2/lib/javafx.fxml.jar:/home/zialen/javafx-sdk-11.0.2/lib/javafx.graphics.jar:/home/zialen/javafx-sdk-11.0.2/lib/javafx.media.jar:/home/zialen/javafx-sdk-11.0.2/lib/javafx.swing.jar:/home/zialen/javafx-sdk-11.0.2/lib/javafx.web.jar:/home/zialen/FAKS/JavaMIhelcic/Librarires/jfreechart-1.0.19/lib/hamcrest-core-1.3.jar:/home/zialen/FAKS/JavaMIhelcic/Librarires/jfreechart-1.0.19/lib/jcommon-1.0.23.jar:/home/zialen/FAKS/JavaMIhelcic/Librarires/jfreechart-1.0.19/lib/jfreechart-1.0.19-experimental.jar:/home/zialen/FAKS/JavaMIhelcic/Librarires/jfreechart-1.0.19/lib/jfreechart-1.0.19-swt.jar:/home/zialen/FAKS/JavaMIhelcic/Librarires/jfreechart-1.0.19/lib/jfreechart-1.0.19.jar:/home/zialen/FAKS/JavaMIhelcic/Librarires/jfreechart-1.0.19/lib/jfreesvg-2.0.jar:/home/zialen/FAKS/JavaMIhelcic/Librarires/jfreechart-1.0.19/lib/junit-4.11.jar:/home/zialen/FAKS/JavaMIhelcic/Librarires/jfreechart-1.0.19/lib/orsoncharts-1.4-eval-nofx.jar:/home/zialen/FAKS/JavaMIhelcic/Librarires/jfreechart-1.0.19/lib/orsonpdf-1.6-eval.jar:/home/zialen/FAKS/JavaMIhelcic/Librarires/jfreechart-1.0.19/lib/servlet.jar:/home/zialen/FAKS/JavaMIhelcic/Librarires/jfreechart-1.0.19/lib/swtgraphics2d.jar:/home/zialen/FAKS/JavaMIhelcic/Librarires/sqlite-jdbc-3.36.0.1.jar:build/classes:/usr/local/netbeans-12.3/netbeans/platform/modules/ext/junit-jupiter-api-5.6.0.jar:/usr/local/netbeans-12.3/netbeans/platform/modules/ext/junit-jupiter-params-5.6.0.jar:/usr/local/netbeans-12.3/netbeans/platform/modules/ext/junit-jupiter-engine-5.6.0.jar:/home/zialen/FAKS/JavaMIhelcic/Librarires/sqlite-jdbc-3.36.0.1.jar:/usr/local/netbeans-12.3/netbeans/platform/modules/ext/junit-4.13.1.jar:/usr/local/netbeans-12.3/netbeans/platform/modules/ext/hamcrest-core-1.3.jar:/home/zialen/javafx-sdk-11.0.2/lib/javafx-swt.jar:/home/zialen/javafx-sdk-11.0.2/lib/javafx.base.jar:/home/zialen/javafx-sdk-11.0.2/lib/javafx.controls.jar:/home/zialen/javafx-sdk-11.0.2/lib/javafx.fxml.jar:/home/zialen/javafx-sdk-11.0.2/lib/javafx.graphics.jar:/home/zialen/javafx-sdk-11.0.2/lib/javafx.media.jar:/home/zialen/javafx-sdk-11.0.2/lib/javafx.swing.jar:/home/zialen/javafx-sdk-11.0.2/lib/javafx.web.jar" />
    <property name="java.specification.version" value="16" />
    <property name="jar.index.metainf" value="false" />
    <property name="libs.spring-framework500.classpath" value="/usr/local/netbeans-12.3/netbeans/platform/modules/org-apache-commons-logging.jar:/usr/local/netbeans-12.3/netbeans/java/modules/ext/cglib-2.2.jar:/usr/local/netbeans-12.3/netbeans/java/modules/ext/spring-5/spring-aop-5.2.9.RELEASE.jar:/usr/local/netbeans-12.3/netbeans/java/modules/ext/spring-5/spring-aspects-5.2.9.RELEASE.jar:/usr/local/netbeans-12.3/netbeans/java/modules/ext/spring-5/spring-beans-5.2.9.RELEASE.jar:/usr/local/netbeans-12.3/netbeans/java/modules/ext/spring-5/spring-context-5.2.9.RELEASE.jar:/usr/local/netbeans-12.3/netbeans/java/modules/ext/spring-5/spring-context-indexer-5.2.9.RELEASE.jar:/usr/local/netbeans-12.3/netbeans/java/modules/ext/spring-5/spring-context-support-5.2.9.RELEASE.jar:/usr/local/netbeans-12.3/netbeans/java/modules/ext/spring-5/spring-core-5.2.9.RELEASE.jar:/usr/local/netbeans-12.3/netbeans/java/modules/ext/spring-5/spring-expression-5.2.9.RELEASE.jar:/usr/local/netbeans-12.3/netbeans/java/modules/ext/spring-5/spring-instrument-5.2.9.RELEASE.jar:/usr/local/netbeans-12.3/netbeans/java/modules/ext/spring-5/spring-jcl-5.2.9.RELEASE.jar:/usr/local/netbeans-12.3/netbeans/java/modules/ext/spring-5/spring-jdbc-5.2.9.RELEASE.jar:/usr/local/netbeans-12.3/netbeans/java/modules/ext/spring-5/spring-jms-5.2.9.RELEASE.jar:/usr/local/netbeans-12.3/netbeans/java/modules/ext/spring-5/spring-messaging-5.2.9.RELEASE.jar:/usr/local/netbeans-12.3/netbeans/java/modules/ext/spring-5/spring-orm-5.2.9.RELEASE.jar:/usr/local/netbeans-12.3/netbeans/java/modules/ext/spring-5/spring-oxm-5.2.9.RELEASE.jar:/usr/local/netbeans-12.3/netbeans/java/modules/ext/spring-5/spring-test-5.2.9.RELEASE.jar:/usr/local/netbeans-12.3/netbeans/java/modules/ext/spring-5/spring-tx-5.2.9.RELEASE.jar:/usr/local/netbeans-12.3/netbeans/java/modules/ext/spring-5/spring-web-5.2.9.RELEASE.jar:/usr/local/netbeans-12.3/netbeans/java/modules/ext/spring-5/spring-webflux-5.2.9.RELEASE.jar:/usr/local/netbeans-12.3/netbeans/java/modules/ext/spring-5/spring-webmvc-5.2.9.RELEASE.jar:/usr/local/netbeans-12.3/netbeans/java/modules/ext/spring-5/spring-websocket-5.2.9.RELEASE.jar" />
    <property name="jnlp.signing.keystore" value="" />
    <property name="libs.spring-webmvc4.0.javadoc" value="" />
    <property name="libs.spring-framework400.classpath" value="/usr/local/netbeans-12.3/netbeans/platform/modules/org-apache-commons-logging.jar:/usr/local/netbeans-12.3/netbeans/java/modules/ext/cglib-2.2.jar:/usr/local/netbeans-12.3/netbeans/java/modules/ext/spring-4/spring-aop-4.3.29.RELEASE.jar:/usr/local/netbeans-12.3/netbeans/java/modules/ext/spring-4/spring-aspects-4.3.29.RELEASE.jar:/usr/local/netbeans-12.3/netbeans/java/modules/ext/spring-4/spring-beans-4.3.29.RELEASE.jar:/usr/local/netbeans-12.3/netbeans/java/modules/ext/spring-4/spring-context-4.3.29.RELEASE.jar:/usr/local/netbeans-12.3/netbeans/java/modules/ext/spring-4/spring-context-support-4.3.29.RELEASE.jar:/usr/local/netbeans-12.3/netbeans/java/modules/ext/spring-4/spring-core-4.3.29.RELEASE.jar:/usr/local/netbeans-12.3/netbeans/java/modules/ext/spring-4/spring-expression-4.3.29.RELEASE.jar:/usr/local/netbeans-12.3/netbeans/java/modules/ext/spring-4/spring-instrument-4.3.29.RELEASE.jar:/usr/local/netbeans-12.3/netbeans/java/modules/ext/spring-4/spring-instrument-tomcat-4.3.29.RELEASE.jar:/usr/local/netbeans-12.3/netbeans/java/modules/ext/spring-4/spring-jdbc-4.3.29.RELEASE.jar:/usr/local/netbeans-12.3/netbeans/java/modules/ext/spring-4/spring-jms-4.3.29.RELEASE.jar:/usr/local/netbeans-12.3/netbeans/java/modules/ext/spring-4/spring-messaging-4.3.29.RELEASE.jar:/usr/local/netbeans-12.3/netbeans/java/modules/ext/spring-4/spring-orm-4.3.29.RELEASE.jar:/usr/local/netbeans-12.3/netbeans/java/modules/ext/spring-4/spring-oxm-4.3.29.RELEASE.jar:/usr/local/netbeans-12.3/netbeans/java/modules/ext/spring-4/spring-test-4.3.29.RELEASE.jar:/usr/local/netbeans-12.3/netbeans/java/modules/ext/spring-4/spring-tx-4.3.29.RELEASE.jar:/usr/local/netbeans-12.3/netbeans/java/modules/ext/spring-4/spring-web-4.3.29.RELEASE.jar:/usr/local/netbeans-12.3/netbeans/java/modules/ext/spring-4/spring-webmvc-4.3.29.RELEASE.jar:/usr/local/netbeans-12.3/netbeans/java/modules/ext/spring-4/spring-webmvc-portlet-4.3.29.RELEASE.jar:/usr/local/netbeans-12.3/netbeans/java/modules/ext/spring-4/spring-websocket-4.3.29.RELEASE.jar" />
    <property name="test.binaryincludes" value="&lt;nothing&gt;" />
    <property name="do.jlink" value="false" />
    <property name="debug-transport" value="dt_socket" />
    <property name="libs.javaee-web-api-8.0.src" value="" />
    <property name="libs.Java_Tuple.classpath" value="/home/zialen/Preuzimanja/javatuples-1.2-dist.zip" />
    <property name="java.vendor.url" value="Unknown" />
    <property name="debug.modulepath" value="/home/zialen/javafx-sdk-11.0.2/lib/javafx-swt.jar:/home/zialen/javafx-sdk-11.0.2/lib/javafx.base.jar:/home/zialen/javafx-sdk-11.0.2/lib/javafx.controls.jar:/home/zialen/javafx-sdk-11.0.2/lib/javafx.fxml.jar:/home/zialen/javafx-sdk-11.0.2/lib/javafx.graphics.jar:/home/zialen/javafx-sdk-11.0.2/lib/javafx.media.jar:/home/zialen/javafx-sdk-11.0.2/lib/javafx.swing.jar:/home/zialen/javafx-sdk-11.0.2/lib/javafx.web.jar:" />
    <property name="libs.eclipselink.javadoc" value="/usr/local/netbeans-12.3/netbeans/java/modules/ext/docs/javax.persistence-2.2.1-doc.zip" />
    <property name="libs.jsp-compilation.src" value="" />
    <property name="libs.JWSAntTasks.javadoc" value="" />
    <property name="platform.home" value="/usr/lib/jvm/java-16-openjdk-amd64" />
    <property name="sun.boot.library.path" value="/usr/lib/jvm/java-16-openjdk-amd64/lib" />
    <property name="sun.java.command" value="org.apache.tools.ant.taskdefs.optional.junit.JUnitTestRunner Algorithms.SqrtTest skipNonTests=false filtertrace=true haltOnError=false haltOnFailure=false showoutput=true outputtoformatters=true logfailedtests=true threadid=0 logtestlistenerevents=true formatter=org.apache.tools.ant.taskdefs.optional.junit.BriefJUnitResultFormatter formatter=org.apache.tools.ant.taskdefs.optional.junit.XMLJUnitResultFormatter,/home/zialen/FAKS/JavaMIhelcic/isPrime/isPrime/build/test/results/TEST-Algorithms.SqrtTest.xml crashfile=/home/zialen/FAKS/JavaMIhelcic/isPrime/isPrime/build/junitvmwatcher4917915574565507857.properties propsfile=/home/zialen/FAKS/JavaMIhelcic/isPrime/isPrime/build/junit17910520288069033750.properties" />
    <property name="jdk.debug" value="release" />
    <property name="libs.spring-framework300.src" value="" />
    <property name="javadoc.use" value="true" />
    <property name="ant.file.type.isPrime" value="file" />
    <property name="javadoc.notree" value="false" />
    <property name="basedir" value="/home/zialen/FAKS/JavaMIhelcic/isPrime/isPrime" />
    <property name="application.vendor" value="franv" />
    <property name="java.vm.specification.vendor" value="Oracle Corporation" />
    <property name="java.specification.name" value="Java Platform API Specification" />
    <property name="libs.jsf20.classpath" value="/usr/local/netbeans-12.3/netbeans/enterprise/modules/ext/jsf-2_2/javax.faces.jar" />
    <property name="netbeans.extbrowser.manual_chrome_plugin_install" value="yes" />
    <property name="libs.spring-framework500.javadoc" value="" />
    <property name="netbeans.default_userdir_root" value="/home/zialen/.netbeans" />
    <property name="libs.Matej.src" value="" />
    <property name="libs.jsp-compilation-syscp.src" value="" />
    <property name="jdk.home" value="/usr" />
    <property name="java.runtime.version" value="16.0.1+9-Ubuntu-120.04" />
    <property name="libs.eclipselink.maven-pom" value="" />
    <property name="libs.metro.maven-pom" value="" />
    <property name="libs.JAXB-ENDORSED.javadoc" value="" />
    <property name="sun.java2d.noddraw" value="true" />
    <property name="platform.bootcp" value="/usr/lib/jvm/java-16-openjdk-amd64/!/modules/java.base/:/usr/lib/jvm/java-16-openjdk-amd64/!/modules/java.compiler/:/usr/lib/jvm/java-16-openjdk-amd64/!/modules/java.datatransfer/:/usr/lib/jvm/java-16-openjdk-amd64/!/modules/java.desktop/:/usr/lib/jvm/java-16-openjdk-amd64/!/modules/java.instrument/:/usr/lib/jvm/java-16-openjdk-amd64/!/modules/java.logging/:/usr/lib/jvm/java-16-openjdk-amd64/!/modules/java.management/:/usr/lib/jvm/java-16-openjdk-amd64/!/modules/java.management.rmi/:/usr/lib/jvm/java-16-openjdk-amd64/!/modules/java.naming/:/usr/lib/jvm/java-16-openjdk-amd64/!/modules/java.net.http/:/usr/lib/jvm/java-16-openjdk-amd64/!/modules/java.prefs/:/usr/lib/jvm/java-16-openjdk-amd64/!/modules/java.rmi/:/usr/lib/jvm/java-16-openjdk-amd64/!/modules/java.scripting/:/usr/lib/jvm/java-16-openjdk-amd64/!/modules/java.se/:/usr/lib/jvm/java-16-openjdk-amd64/!/modules/java.security.jgss/:/usr/lib/jvm/java-16-openjdk-amd64/!/modules/java.security.sasl/:/usr/lib/jvm/java-16-openjdk-amd64/!/modules/java.smartcardio/:/usr/lib/jvm/java-16-openjdk-amd64/!/modules/java.sql/:/usr/lib/jvm/java-16-openjdk-amd64/!/modules/java.sql.rowset/:/usr/lib/jvm/java-16-openjdk-amd64/!/modules/java.transaction.xa/:/usr/lib/jvm/java-16-openjdk-amd64/!/modules/java.xml/:/usr/lib/jvm/java-16-openjdk-amd64/!/modules/java.xml.crypto/:/usr/lib/jvm/java-16-openjdk-amd64/!/modules/jdk.accessibility/:/usr/lib/jvm/java-16-openjdk-amd64/!/modules/jdk.aot/:/usr/lib/jvm/java-16-openjdk-amd64/!/modules/jdk.attach/:/usr/lib/jvm/java-16-openjdk-amd64/!/modules/jdk.charsets/:/usr/lib/jvm/java-16-openjdk-amd64/!/modules/jdk.compiler/:/usr/lib/jvm/java-16-openjdk-amd64/!/modules/jdk.crypto.cryptoki/:/usr/lib/jvm/java-16-openjdk-amd64/!/modules/jdk.crypto.ec/:/usr/lib/jvm/java-16-openjdk-amd64/!/modules/jdk.dynalink/:/usr/lib/jvm/java-16-openjdk-amd64/!/modules/jdk.editpad/:/usr/lib/jvm/java-16-openjdk-amd64/!/modules/jdk.hotspot.agent/:/usr/lib/jvm/java-16-openjdk-amd64/!/modules/jdk.httpserver/:/usr/lib/jvm/java-16-openjdk-amd64/!/modules/jdk.incubator.foreign/:/usr/lib/jvm/java-16-openjdk-amd64/!/modules/jdk.incubator.vector/:/usr/lib/jvm/java-16-openjdk-amd64/!/modules/jdk.internal.ed/:/usr/lib/jvm/java-16-openjdk-amd64/!/modules/jdk.internal.jvmstat/:/usr/lib/jvm/java-16-openjdk-amd64/!/modules/jdk.internal.le/:/usr/lib/jvm/java-16-openjdk-amd64/!/modules/jdk.internal.opt/:/usr/lib/jvm/java-16-openjdk-amd64/!/modules/jdk.internal.vm.ci/:/usr/lib/jvm/java-16-openjdk-amd64/!/modules/jdk.internal.vm.compiler/:/usr/lib/jvm/java-16-openjdk-amd64/!/modules/jdk.internal.vm.compiler.management/:/usr/lib/jvm/java-16-openjdk-amd64/!/modules/jdk.jartool/:/usr/lib/jvm/java-16-openjdk-amd64/!/modules/jdk.javadoc/:/usr/lib/jvm/java-16-openjdk-amd64/!/modules/jdk.jcmd/:/usr/lib/jvm/java-16-openjdk-amd64/!/modules/jdk.jconsole/:/usr/lib/jvm/java-16-openjdk-amd64/!/modules/jdk.jdeps/:/usr/lib/jvm/java-16-openjdk-amd64/!/modules/jdk.jdi/:/usr/lib/jvm/java-16-openjdk-amd64/!/modules/jdk.jdwp.agent/:/usr/lib/jvm/java-16-openjdk-amd64/!/modules/jdk.jfr/:/usr/lib/jvm/java-16-openjdk-amd64/!/modules/jdk.jlink/:/usr/lib/jvm/java-16-openjdk-amd64/!/modules/jdk.jpackage/:/usr/lib/jvm/java-16-openjdk-amd64/!/modules/jdk.jshell/:/usr/lib/jvm/java-16-openjdk-amd64/!/modules/jdk.jsobject/:/usr/lib/jvm/java-16-openjdk-amd64/!/modules/jdk.jstatd/:/usr/lib/jvm/java-16-openjdk-amd64/!/modules/jdk.localedata/:/usr/lib/jvm/java-16-openjdk-amd64/!/modules/jdk.management/:/usr/lib/jvm/java-16-openjdk-amd64/!/modules/jdk.management.agent/:/usr/lib/jvm/java-16-openjdk-amd64/!/modules/jdk.management.jfr/:/usr/lib/jvm/java-16-openjdk-amd64/!/modules/jdk.naming.dns/:/usr/lib/jvm/java-16-openjdk-amd64/!/modules/jdk.naming.rmi/:/usr/lib/jvm/java-16-openjdk-amd64/!/modules/jdk.net/:/usr/lib/jvm/java-16-openjdk-amd64/!/modules/jdk.nio.mapmode/:/usr/lib/jvm/java-16-openjdk-amd64/!/modules/jdk.sctp/:/usr/lib/jvm/java-16-openjdk-amd64/!/modules/jdk.security.auth/:/usr/lib/jvm/java-16-openjdk-amd64/!/modules/jdk.security.jgss/:/usr/lib/jvm/java-16-openjdk-amd64/!/modules/jdk.unsupported/:/usr/lib/jvm/java-16-openjdk-amd64/!/modules/jdk.unsupported.desktop/:/usr/lib/jvm/java-16-openjdk-amd64/!/modules/jdk.xml.dom/:/usr/lib/jvm/java-16-openjdk-amd64/!/modules/jdk.zipfs/" />
    <property name="guice.disable.misplaced.annotation.check" value="true" />
    <property name="sun.zip.disableMemoryMapping" value="true" />
    <property name="jnidispatch.path" value="/home/zialen/.cache/JNA/temp/jna161035431533944401.tmp" />
    <property name="libs.jsp-compilation.javadoc" value="" />
    <property name="libs.primefaces.javadoc" value="" />
    <property name="libs.jsf12.src" value="" />
    <property name="libs.groovy-all.maven-pom" value="" />
    <property name="libs.restapi.src" value="" />
    <property name="libs.junit_5.javadoc" value="/usr/local/netbeans-12.3/netbeans/platform/docs/junit-jupiter-api-5.6.0-javadoc.jar:/usr/local/netbeans-12.3/netbeans/platform/docs/junit-jupiter-params-5.6.0-javadoc.jar:/usr/local/netbeans-12.3/netbeans/platform/docs/junit-jupiter-engine-5.6.0-javadoc.jar" />
    <property name="jnlp.enabled" value="false" />
    <property name="dist.archive.excludes" value="" />
    <property name="java.io.tmpdir" value="/tmp" />
    <property name="java.version" value="16.0.1" />
    <property name="libs.jakartaee-api-8.0.javadoc" value="/usr/local/netbeans-12.3/netbeans/enterprise/docs/jakartaee8-doc-api.jar" />
    <property name="java.vm.specification.name" value="Java Virtual Machine Specification" />
    <property name="java.library.path" value="/usr/java/packages/lib:/usr/lib/x86_64-linux-gnu/jni:/lib/x86_64-linux-gnu:/usr/lib/x86_64-linux-gnu:/usr/lib/jni:/lib:/usr/lib" />
    <property name="libs.hamcrest.src" value="" />
    <property name="java.vendor" value="Private Build" />
    <property name="ant.file.type.isPrime-impl" value="file" />
    <property name="libs.groovy-all.src" value="" />
    <property name="libs.testng.javadoc" value="/usr/local/netbeans-12.3/netbeans/platform/docs/testng-6.13.1-javadoc.jar" />
    <property name="meta.inf.dir" value="src/META-INF" />
    <property name="run.upgrademodulepath" value="" />
    <property name="compile.on.save" value="true" />
    <property name="libs.testng.maven-pom" value="" />
    <property name="jlink.additionalparam" value="" />
    <property name="org.openide.version" value="deprecated" />
    <property name="run.classpath" value="/home/zialen/javafx-sdk-11.0.2/lib/javafx-swt.jar:/home/zialen/javafx-sdk-11.0.2/lib/javafx.base.jar:/home/zialen/javafx-sdk-11.0.2/lib/javafx.controls.jar:/home/zialen/javafx-sdk-11.0.2/lib/javafx.fxml.jar:/home/zialen/javafx-sdk-11.0.2/lib/javafx.graphics.jar:/home/zialen/javafx-sdk-11.0.2/lib/javafx.media.jar:/home/zialen/javafx-sdk-11.0.2/lib/javafx.swing.jar:/home/zialen/javafx-sdk-11.0.2/lib/javafx.web.jar:/home/zialen/FAKS/JavaMIhelcic/Librarires/jfreechart-1.0.19/lib/hamcrest-core-1.3.jar:/home/zialen/FAKS/JavaMIhelcic/Librarires/jfreechart-1.0.19/lib/jcommon-1.0.23.jar:/home/zialen/FAKS/JavaMIhelcic/Librarires/jfreechart-1.0.19/lib/jfreechart-1.0.19-experimental.jar:/home/zialen/FAKS/JavaMIhelcic/Librarires/jfreechart-1.0.19/lib/jfreechart-1.0.19-swt.jar:/home/zialen/FAKS/JavaMIhelcic/Librarires/jfreechart-1.0.19/lib/jfreechart-1.0.19.jar:/home/zialen/FAKS/JavaMIhelcic/Librarires/jfreechart-1.0.19/lib/jfreesvg-2.0.jar:/home/zialen/FAKS/JavaMIhelcic/Librarires/jfreechart-1.0.19/lib/junit-4.11.jar:/home/zialen/FAKS/JavaMIhelcic/Librarires/jfreechart-1.0.19/lib/orsoncharts-1.4-eval-nofx.jar:/home/zialen/FAKS/JavaMIhelcic/Librarires/jfreechart-1.0.19/lib/orsonpdf-1.6-eval.jar:/home/zialen/FAKS/JavaMIhelcic/Librarires/jfreechart-1.0.19/lib/servlet.jar:/home/zialen/FAKS/JavaMIhelcic/Librarires/jfreechart-1.0.19/lib/swtgraphics2d.jar:/home/zialen/FAKS/JavaMIhelcic/Librarires/sqlite-jdbc-3.36.0.1.jar:build/classes:/home/zialen/FAKS/JavaMIhelcic/Librarires/jfreechart-1.0.19/lib/hamcrest-core-1.3.jar:/home/zialen/FAKS/JavaMIhelcic/Librarires/jfreechart-1.0.19/lib/jcommon-1.0.23.jar:/home/zialen/FAKS/JavaMIhelcic/Librarires/jfreechart-1.0.19/lib/jfreechart-1.0.19-experimental.jar:/home/zialen/FAKS/JavaMIhelcic/Librarires/jfreechart-1.0.19/lib/jfreechart-1.0.19-swt.jar:/home/zialen/FAKS/JavaMIhelcic/Librarires/jfreechart-1.0.19/lib/jfreechart-1.0.19.jar:/home/zialen/FAKS/JavaMIhelcic/Librarires/jfreechart-1.0.19/lib/jfreesvg-2.0.jar:/home/zialen/FAKS/JavaMIhelcic/Librarires/jfreechart-1.0.19/lib/junit-4.11.jar:/home/zialen/FAKS/JavaMIhelcic/Librarires/jfreechart-1.0.19/lib/orsoncharts-1.4-eval-nofx.jar:/home/zialen/FAKS/JavaMIhelcic/Librarires/jfreechart-1.0.19/lib/orsonpdf-1.6-eval.jar:/home/zialen/FAKS/JavaMIhelcic/Librarires/jfreechart-1.0.19/lib/servlet.jar:/home/zialen/FAKS/JavaMIhelcic/Librarires/jfreechart-1.0.19/lib/swtgraphics2d.jar:/home/zialen/FAKS/JavaMIhelcic/Librarires/sqlite-jdbc-3.36.0.1.jar" />
    <property name="libs.jaxb.src" value="" />
    <property name="sun.awt.enableExtraMouseButtons" value="true" />
    <property name="test.src.dir" value="test" />
    <property name="org.openide.major.version" value="IDE/1" />
    <property name="libs.spring-framework300.javadoc" value="" />
    <property name="ap.proc.none.internal" value="" />
    <property name="org.openide.specification.version" value="6.2" />
    <property name="user.timezone" value="Europe/Zagreb" />
    <property name="jar.index" value="false" />
    <property name="libs.jpa20-persistence.classpath" value="/usr/local/netbeans-12.3/netbeans/java/modules/ext/eclipselink/javax.persistence-2.2.1.jar" />
    <property name="java.vm.specification.version" value="16" />
    <property name="libs.junit_5.classpath" value="/usr/local/netbeans-12.3/netbeans/platform/modules/ext/junit-jupiter-api-5.6.0.jar:/usr/local/netbeans-12.3/netbeans/platform/modules/ext/junit-jupiter-params-5.6.0.jar:/usr/local/netbeans-12.3/netbeans/platform/modules/ext/junit-jupiter-engine-5.6.0.jar" />
    <property name="libs.eclipselinkmodelgen.javadoc" value="" />
    <property name="javadoc.noindex" value="false" />
    <property name="javadoc.private" value="false" />
    <property name="libs.spring-webmvc4.0.maven-pom" value="" />
    <property name="libs.Java_Tuple.javadoc" value="" />
    <property name="libs.JAXB-ENDORSED.maven-pom" value="" />
    <property name="user.home" value="/home/zialen" />
    <property name="libs.eclipselinkmodelgen.maven-pom" value="" />
    <property name="have.sources" value="true" />
    <property name="annotation.processing.processors.list" value="" />
    <property name="jlink.launcher" value="true" />
    <property name="javac.deprecation" value="false" />
    <property name="manifest.custom.caller.allowable.codebase" value="" />
    <property name="platform.javac" value="/usr/lib/jvm/java-16-openjdk-amd64/bin/javac" />
    <property name="build.generated.sources.dir" value="build/generated-sources" />
    <property name="plugin.manager.check.updates" value="false" />
    <property name="netbeans.autoupdate.language" value="hr" />
    <property name="build.compiler.emacs" value="true" />
    <property name="libs.eclipselinkmodelgen.src" value="" />
    <property name="build.classes.excludes" value="**/*.java,**/*.form" />
    <property name="dist.jar" value="dist/isPrime.jar" />
    <property name="libs.spring-webmvc4.0.classpath" value="/usr/local/netbeans-12.3/netbeans/java/modules/ext/spring-4/spring-webmvc-4.3.29.RELEASE.jar" />
    <property name="modules.supported.internal" value="true" />
    <property name="libs.javaee-endorsed-api-7.0.javadoc" value="/usr/local/netbeans-12.3/netbeans/enterprise/docs/javaee-doc-api.jar" />
    <property name="os.version" value="5.8.0-59-generic" />
    <property name="netbeans.home" value="/usr/local/netbeans-12.3/netbeans/platform" />
    <property name="libs.CopyLibs.javadoc" value="" />
    <property name="debug-transport-by-os" value="dt_socket" />
    <property name="libs.jsf20.src" value="" />
    <property name="libs.javaee-api-8.0.javadoc" value="/usr/local/netbeans-12.3/netbeans/enterprise/docs/javaee-doc-api.jar" />
    <property name="java.vm.name" value="OpenJDK 64-Bit Server VM" />
    <property name="unnamed.module.internal" value="true" />
    <property name="libs.jstl.javadoc" value="/usr/local/netbeans-12.3/netbeans/enterprise/docs/javaee-doc-api.jar" />
    <property name="libs.javaee-endorsed-api-7.0.maven-pom" value="" />
    <property name="libs.jaxws21.classpath" value="/usr/local/netbeans-12.3/netbeans/ide/modules/ext/jaxb/jaxb-impl.jar:/usr/local/netbeans-12.3/netbeans/ide/modules/ext/jaxb/jaxb-xjc.jar:/usr/local/netbeans-12.3/netbeans/java/modules/ext/jaxws22/FastInfoset.jar:/usr/local/netbeans-12.3/netbeans/java/modules/ext/jaxws22/gmbal-api-only.jar:/usr/local/netbeans-12.3/netbeans/java/modules/ext/jaxws22/ha-api.jar:/usr/local/netbeans-12.3/netbeans/java/modules/ext/jaxws22/javax.mail_1.4.jar:/usr/local/netbeans-12.3/netbeans/java/modules/ext/jaxws22/jaxws-rt.jar:/usr/local/netbeans-12.3/netbeans/java/modules/ext/jaxws22/jaxws-tools.jar:/usr/local/netbeans-12.3/netbeans/java/modules/ext/jaxws22/management-api.jar:/usr/local/netbeans-12.3/netbeans/java/modules/ext/jaxws22/mimepull.jar:/usr/local/netbeans-12.3/netbeans/java/modules/ext/jaxws22/policy.jar:/usr/local/netbeans-12.3/netbeans/java/modules/ext/jaxws22/saaj-impl.jar:/usr/local/netbeans-12.3/netbeans/java/modules/ext/jaxws22/stax-ex.jar:/usr/local/netbeans-12.3/netbeans/java/modules/ext/jaxws22/stax2-api.jar:/usr/local/netbeans-12.3/netbeans/java/modules/ext/jaxws22/streambuffer.jar:/usr/local/netbeans-12.3/netbeans/java/modules/ext/jaxws22/woodstox-core-asl.jar:/usr/local/netbeans-12.3/netbeans/java/modules/ext/jaxws22/api/jaxws-api.jar:/usr/local/netbeans-12.3/netbeans/java/modules/ext/jaxws22/api/jsr181-api.jar:/usr/local/netbeans-12.3/netbeans/java/modules/ext/jaxws22/api/javax.annotation.jar:/usr/local/netbeans-12.3/netbeans/java/modules/ext/jaxws22/api/saaj-api.jar:/usr/local/netbeans-12.3/netbeans/ide/modules/ext/jaxb/activation.jar:/usr/local/netbeans-12.3/netbeans/ide/modules/ext/jaxb/api/jaxb-api.jar" />
    <property name="libs.restapi.classpath" value="/usr/local/netbeans-12.3/netbeans/enterprise/modules/ext/jaxrs-2.0/javax.ws.rs-api-2.0.jar" />
    <property name="os.arch" value="amd64" />
    <property name="build.generated.dir" value="build/generated" />
    <property name="libs.groovy-all.javadoc" value="" />
    <property name="libs.jakartaee-api-8.0.classpath" value="/usr/local/netbeans-12.3/netbeans/enterprise/modules/ext/jakarta.jakartaee-api-8.0.0.jar" />
    <property name="libs.javaee-web-api-7.0.javadoc" value="/usr/local/netbeans-12.3/netbeans/enterprise/docs/javaee-doc-api.jar" />
    <property name="libs.javaee-endorsed-api-6.0.src" value="" />
    <property name="jnlp.descriptor" value="application" />
    <property name="libs.jsf12.maven-pom" value="" />
    <property name="libs.javaee-endorsed-api-7.0.classpath" value="/usr/local/netbeans-12.3/netbeans/enterprise/modules/ext/javaee7-endorsed/javax.annotation-api.jar:/usr/local/netbeans-12.3/netbeans/enterprise/modules/ext/javaee7-endorsed/javax.xml.soap-api.jar:/usr/local/netbeans-12.3/netbeans/enterprise/modules/ext/javaee7-endorsed/jaxb-api-osgi.jar:/usr/local/netbeans-12.3/netbeans/enterprise/modules/ext/javaee7-endorsed/jaxws-api.jar:/usr/local/netbeans-12.3/netbeans/enterprise/modules/ext/javaee7-endorsed/jsr181-api.jar" />
    <property name="org.netbeans.io.suspend" value="0" />
    <property name="libs.primefaces.maven-pom" value="" />
    <property name="ant.project.name" value="isPrime" />
    <property name="libs.Java_Tuple.src" value="" />
    <property name="dist.javadoc.dir" value="dist/javadoc" />
    <property name="default.javac.target" value="16" />
    <property name="libs.eclipselink.classpath" value="/usr/local/netbeans-12.3/netbeans/java/modules/ext/eclipselink/org.eclipse.persistence.core-2.7.7.jar:/usr/local/netbeans-12.3/netbeans/java/modules/ext/eclipselink/org.eclipse.persistence.asm-2.7.7.jar:/usr/local/netbeans-12.3/netbeans/java/modules/ext/eclipselink/org.eclipse.persistence.antlr-2.7.7.jar:/usr/local/netbeans-12.3/netbeans/java/modules/ext/eclipselink/org.eclipse.persistence.jpa-2.7.7.jar:/usr/local/netbeans-12.3/netbeans/java/modules/ext/eclipselink/org.eclipse.persistence.jpa.jpql-2.7.7.jar:/usr/local/netbeans-12.3/netbeans/java/modules/ext/eclipselink/org.eclipse.persistence.moxy-2.7.7.jar:/usr/local/netbeans-12.3/netbeans/java/modules/ext/eclipselink/javax.persistence-2.2.1.jar" />
    <property name="libs.JavaFX.classpath" value="/home/zialen/javafx-sdk-11.0.2/lib/javafx-swt.jar:/home/zialen/javafx-sdk-11.0.2/lib/javafx.base.jar:/home/zialen/javafx-sdk-11.0.2/lib/javafx.controls.jar:/home/zialen/javafx-sdk-11.0.2/lib/javafx.fxml.jar:/home/zialen/javafx-sdk-11.0.2/lib/javafx.graphics.jar:/home/zialen/javafx-sdk-11.0.2/lib/javafx.media.jar:/home/zialen/javafx-sdk-11.0.2/lib/javafx.swing.jar:/home/zialen/javafx-sdk-11.0.2/lib/javafx.web.jar" />
    <property name="libs.struts.classpath" value="/usr/local/netbeans-12.3/netbeans/enterprise/modules/ext/struts/antlr-2.7.2.jar:/usr/local/netbeans-12.3/netbeans/enterprise/modules/ext/struts/bsf-2.3.0.jar:/usr/local/netbeans-12.3/netbeans/enterprise/modules/ext/struts/commons-beanutils-1.8.0.jar:/usr/local/netbeans-12.3/netbeans/enterprise/modules/ext/struts/commons-chain-1.2.jar:/usr/local/netbeans-12.3/netbeans/enterprise/modules/ext/struts/commons-digester-1.8.jar:/usr/local/netbeans-12.3/netbeans/enterprise/modules/ext/struts/commons-fileupload-1.1.1.jar:/usr/local/netbeans-12.3/netbeans/enterprise/modules/ext/struts/commons-io-1.1.jar:/usr/local/netbeans-12.3/netbeans/enterprise/modules/ext/struts/commons-logging-1.0.4.jar:/usr/local/netbeans-12.3/netbeans/enterprise/modules/ext/struts/commons-validator-1.3.1.jar:/usr/local/netbeans-12.3/netbeans/enterprise/modules/ext/struts/jstl-1.0.2.jar:/usr/local/netbeans-12.3/netbeans/enterprise/modules/ext/struts/oro-2.0.8.jar:/usr/local/netbeans-12.3/netbeans/enterprise/modules/ext/struts/standard-1.0.6.jar:/usr/local/netbeans-12.3/netbeans/enterprise/modules/ext/struts/struts-core-1.3.10.jar:/usr/local/netbeans-12.3/netbeans/enterprise/modules/ext/struts/struts-el-1.3.10.jar:/usr/local/netbeans-12.3/netbeans/enterprise/modules/ext/struts/struts-extras-1.3.10.jar:/usr/local/netbeans-12.3/netbeans/enterprise/modules/ext/struts/struts-faces-1.3.10.jar:/usr/local/netbeans-12.3/netbeans/enterprise/modules/ext/struts/struts-mailreader-dao-1.3.10.jar:/usr/local/netbeans-12.3/netbeans/enterprise/modules/ext/struts/struts-scripting-1.3.10.jar:/usr/local/netbeans-12.3/netbeans/enterprise/modules/ext/struts/struts-taglib-1.3.10.jar:/usr/local/netbeans-12.3/netbeans/enterprise/modules/ext/struts/struts-tiles-1.3.10.jar" />
    <property name="libs.PostgreSQLDriver.maven-pom" value="" />
    <property name="libs.absolutelayout.src" value="" />
    <property name="testng.mode" value="testng" />
    <property name="annotation.processing.enabled.in.editor" value="false" />
    <property name="java.vm.compressedOopsMode" value="32-bit" />
    <property name="libs.JFreeGraph.src" value="" />
    <property name="netbeans.productversion" value="Apache NetBeans IDE 12.3" />
    <property name="mkdist.disabled" value="false" />
    <property name="libs.javaee-web-api-6.0.javadoc" value="/usr/local/netbeans-12.3/netbeans/enterprise/docs/javaee-doc-api.jar" />
    <property name="libs.JavaFX.javadoc" value="" />
    <property name="libs.groovy-all.classpath" value="/usr/local/netbeans-12.3/netbeans/groovy/modules/ext/groovy.jar:/usr/local/netbeans-12.3/netbeans/groovy/modules/ext/groovy-ant.jar" />
    <property name="libs.javaee-api-7.0.maven-pom" value="" />
    <property name="libs.absolutelayout.javadoc" value="" />
    <property name="module.build.classes.dir" value="build/classes" />
    <property name="libs.jaxb.maven-pom" value="" />
    <property name="annotation.processing.processor.options" value="" />
    <property name="libs.javaee-api-6.0.maven-pom" value="" />
    <property name="dist.dir" value="dist" />
    <property name="build.dir" value="build" />
    <property name="libs.graaljs.maven-pom" value="" />
    <property name="netbeans.autoupdate.variant" value="" />
    <property name="javadoc.version" value="false" />
    <property name="libs.metro.classpath" value="/usr/local/netbeans-12.3/netbeans/ide/modules/ext/jaxb/activation.jar:/usr/local/netbeans-12.3/netbeans/enterprise/modules/ext/metro/webservices-api.jar:/usr/local/netbeans-12.3/netbeans/enterprise/modules/ext/metro/webservices-extra-api.jar:/usr/local/netbeans-12.3/netbeans/enterprise/modules/ext/metro/webservices-extra.jar:/usr/local/netbeans-12.3/netbeans/enterprise/modules/ext/metro/webservices-rt.jar:/usr/local/netbeans-12.3/netbeans/enterprise/modules/ext/metro/webservices-tools.jar" />
    <property name="libs.metro.src" value="" />
    <property name="libs.CopyLibs.classpath" value="/usr/local/netbeans-12.3/netbeans/java/ant/extra/org-netbeans-modules-java-j2seproject-copylibstask.jar" />
    <property name="javadoc.html5" value="false" />
    <property name="javac.test.processorpath" value="/home/zialen/javafx-sdk-11.0.2/lib/javafx-swt.jar:/home/zialen/javafx-sdk-11.0.2/lib/javafx.base.jar:/home/zialen/javafx-sdk-11.0.2/lib/javafx.controls.jar:/home/zialen/javafx-sdk-11.0.2/lib/javafx.fxml.jar:/home/zialen/javafx-sdk-11.0.2/lib/javafx.graphics.jar:/home/zialen/javafx-sdk-11.0.2/lib/javafx.media.jar:/home/zialen/javafx-sdk-11.0.2/lib/javafx.swing.jar:/home/zialen/javafx-sdk-11.0.2/lib/javafx.web.jar:/home/zialen/FAKS/JavaMIhelcic/Librarires/jfreechart-1.0.19/lib/hamcrest-core-1.3.jar:/home/zialen/FAKS/JavaMIhelcic/Librarires/jfreechart-1.0.19/lib/jcommon-1.0.23.jar:/home/zialen/FAKS/JavaMIhelcic/Librarires/jfreechart-1.0.19/lib/jfreechart-1.0.19-experimental.jar:/home/zialen/FAKS/JavaMIhelcic/Librarires/jfreechart-1.0.19/lib/jfreechart-1.0.19-swt.jar:/home/zialen/FAKS/JavaMIhelcic/Librarires/jfreechart-1.0.19/lib/jfreechart-1.0.19.jar:/home/zialen/FAKS/JavaMIhelcic/Librarires/jfreechart-1.0.19/lib/jfreesvg-2.0.jar:/home/zialen/FAKS/JavaMIhelcic/Librarires/jfreechart-1.0.19/lib/junit-4.11.jar:/home/zialen/FAKS/JavaMIhelcic/Librarires/jfreechart-1.0.19/lib/orsoncharts-1.4-eval-nofx.jar:/home/zialen/FAKS/JavaMIhelcic/Librarires/jfreechart-1.0.19/lib/orsonpdf-1.6-eval.jar:/home/zialen/FAKS/JavaMIhelcic/Librarires/jfreechart-1.0.19/lib/servlet.jar:/home/zialen/FAKS/JavaMIhelcic/Librarires/jfreechart-1.0.19/lib/swtgraphics2d.jar:/home/zialen/FAKS/JavaMIhelcic/Librarires/sqlite-jdbc-3.36.0.1.jar:build/classes:/usr/local/netbeans-12.3/netbeans/platform/modules/ext/junit-jupiter-api-5.6.0.jar:/usr/local/netbeans-12.3/netbeans/platform/modules/ext/junit-jupiter-params-5.6.0.jar:/usr/local/netbeans-12.3/netbeans/platform/modules/ext/junit-jupiter-engine-5.6.0.jar:/home/zialen/FAKS/JavaMIhelcic/Librarires/sqlite-jdbc-3.36.0.1.jar:/usr/local/netbeans-12.3/netbeans/platform/modules/ext/junit-4.13.1.jar:/usr/local/netbeans-12.3/netbeans/platform/modules/ext/hamcrest-core-1.3.jar:/home/zialen/javafx-sdk-11.0.2/lib/javafx-swt.jar:/home/zialen/javafx-sdk-11.0.2/lib/javafx.base.jar:/home/zialen/javafx-sdk-11.0.2/lib/javafx.controls.jar:/home/zialen/javafx-sdk-11.0.2/lib/javafx.fxml.jar:/home/zialen/javafx-sdk-11.0.2/lib/javafx.graphics.jar:/home/zialen/javafx-sdk-11.0.2/lib/javafx.media.jar:/home/zialen/javafx-sdk-11.0.2/lib/javafx.swing.jar:/home/zialen/javafx-sdk-11.0.2/lib/javafx.web.jar" />
    <property name="libs.javaee-web-api-7.0.maven-pom" value="" />
    <property name="file.reference.sqlite-jdbc-3.36.0.1.jar" value="/home/zialen/FAKS/JavaMIhelcic/Librarires/sqlite-jdbc-3.36.0.1.jar" />
    <property name="libs.javaee-web-api-8.0.maven-pom" value="" />
    <property name="netbeans.dirs" value="/usr/local/netbeans-12.3/netbeans/nb:/usr/local/netbeans-12.3/netbeans/ergonomics:/usr/local/netbeans-12.3/netbeans/ide:/usr/local/netbeans-12.3/netbeans/extide:/usr/local/netbeans-12.3/netbeans/java:/usr/local/netbeans-12.3/netbeans/apisupport:/usr/local/netbeans-12.3/netbeans/webcommon:/usr/local/netbeans-12.3/netbeans/websvccommon:/usr/local/netbeans-12.3/netbeans/enterprise:/usr/local/netbeans-12.3/netbeans/mobility:/usr/local/netbeans-12.3/netbeans/profiler:/usr/local/netbeans-12.3/netbeans/python:/usr/local/netbeans-12.3/netbeans/php:/usr/local/netbeans-12.3/netbeans/identity:/usr/local/netbeans-12.3/netbeans/harness:/usr/local/netbeans-12.3/netbeans/cnd:/usr/local/netbeans-12.3/netbeans/cndext:/usr/local/netbeans-12.3/netbeans/cpplite:/usr/local/netbeans-12.3/netbeans/dlight:/usr/local/netbeans-12.3/netbeans/groovy:/usr/local/netbeans-12.3/netbeans/extra:/usr/local/netbeans-12.3/netbeans/javacard:/usr/local/netbeans-12.3/netbeans/javafx:" />
    <property name="libs.hamcrest.maven-pom" value="" />
    <property name="javac.processorpath" value="/home/zialen/javafx-sdk-11.0.2/lib/javafx-swt.jar:/home/zialen/javafx-sdk-11.0.2/lib/javafx.base.jar:/home/zialen/javafx-sdk-11.0.2/lib/javafx.controls.jar:/home/zialen/javafx-sdk-11.0.2/lib/javafx.fxml.jar:/home/zialen/javafx-sdk-11.0.2/lib/javafx.graphics.jar:/home/zialen/javafx-sdk-11.0.2/lib/javafx.media.jar:/home/zialen/javafx-sdk-11.0.2/lib/javafx.swing.jar:/home/zialen/javafx-sdk-11.0.2/lib/javafx.web.jar:/home/zialen/FAKS/JavaMIhelcic/Librarires/jfreechart-1.0.19/lib/hamcrest-core-1.3.jar:/home/zialen/FAKS/JavaMIhelcic/Librarires/jfreechart-1.0.19/lib/jcommon-1.0.23.jar:/home/zialen/FAKS/JavaMIhelcic/Librarires/jfreechart-1.0.19/lib/jfreechart-1.0.19-experimental.jar:/home/zialen/FAKS/JavaMIhelcic/Librarires/jfreechart-1.0.19/lib/jfreechart-1.0.19-swt.jar:/home/zialen/FAKS/JavaMIhelcic/Librarires/jfreechart-1.0.19/lib/jfreechart-1.0.19.jar:/home/zialen/FAKS/JavaMIhelcic/Librarires/jfreechart-1.0.19/lib/jfreesvg-2.0.jar:/home/zialen/FAKS/JavaMIhelcic/Librarires/jfreechart-1.0.19/lib/junit-4.11.jar:/home/zialen/FAKS/JavaMIhelcic/Librarires/jfreechart-1.0.19/lib/orsoncharts-1.4-eval-nofx.jar:/home/zialen/FAKS/JavaMIhelcic/Librarires/jfreechart-1.0.19/lib/orsonpdf-1.6-eval.jar:/home/zialen/FAKS/JavaMIhelcic/Librarires/jfreechart-1.0.19/lib/servlet.jar:/home/zialen/FAKS/JavaMIhelcic/Librarires/jfreechart-1.0.19/lib/swtgraphics2d.jar:/home/zialen/FAKS/JavaMIhelcic/Librarires/sqlite-jdbc-3.36.0.1.jar" />
    <property name="libs.javaee-api-6.0.javadoc" value="/usr/local/netbeans-12.3/netbeans/enterprise/docs/javaee-doc-api.jar" />
    <property name="libs.JWSAntTasks.maven-pom" value="" />
    <property name="platform.javac.tmp" value="${platforms.JDK_16.javac}" />
    <property name="run.modulepath" value="/home/zialen/javafx-sdk-11.0.2/lib/javafx-swt.jar:/home/zialen/javafx-sdk-11.0.2/lib/javafx.base.jar:/home/zialen/javafx-sdk-11.0.2/lib/javafx.controls.jar:/home/zialen/javafx-sdk-11.0.2/lib/javafx.fxml.jar:/home/zialen/javafx-sdk-11.0.2/lib/javafx.graphics.jar:/home/zialen/javafx-sdk-11.0.2/lib/javafx.media.jar:/home/zialen/javafx-sdk-11.0.2/lib/javafx.swing.jar:/home/zialen/javafx-sdk-11.0.2/lib/javafx.web.jar:" />
    <property name="javac.upgrademodulepath" value="" />
    <property name="jnlp.codebase.type" value="no.codebase" />
    <property name="do.archive+manifest.available" value="true" />
    <property name="apple.laf.useScreenMenuBar" value="true" />
    <property name="sun.java.launcher" value="SUN_STANDARD" />
    <property name="user.country" value="HR" />
    <property name="libs.jpa20-persistence.src" value="" />
    <property name="libs.restapi.javadoc" value="" />
    <property name="endorsed.classpath" value="" />
    <property name="javac.test.sourcepath" value="/home/zialen/FAKS/JavaMIhelcic/isPrime/isPrime/build/empty" />
    <property name="libs.spring-webmvc3.0.maven-pom" value="" />
    <property name="file.reference.sqlite-jdbc-3.36.0.1.jar-1" value="/home/zialen/FAKS/JavaMIhelcic/Librarires/sqlite-jdbc-3.36.0.1.jar" />
    <property name="includes" value="**" />
    <property name="libs.jsf12.javadoc" value="/usr/local/netbeans-12.3/netbeans/enterprise/docs/javaee-doc-api.jar" />
    <property name="libs.hamcrest.classpath" value="/usr/local/netbeans-12.3/netbeans/platform/modules/ext/hamcrest-core-1.3.jar" />
    <property name="javadoc.splitindex" value="true" />
    <property name="libs.JWSAntTasks.classpath" value="/usr/local/netbeans-12.3/netbeans/java/ant/extra/org-netbeans-modules-javawebstart-anttasks.jar" />
    <property name="junit.available" value="true" />
    <property name="manifest.custom.application.library.allowable.codebase" value="" />
    <property name="javac.processormodulepath" value="" />
    <property name="javadoc.encoding" value="UTF-8" />
    <property name="libs.jsp-compilation-syscp.maven-pom" value="" />
    <property name="libs.jstl.src" value="" />
    <property name="netbeans.hash.code" value="unique=NB_EXTIDE_JAVA_PHP_WEBCOMMON_WEBEE0d31657d6-ff9b-462d-84eb-dc791b5cb6c4_712fa3b5-5a4b-4b06-8160-1401e34511cb" />
    <property name="jlink.strip" value="false" />
    <property name="platform.javadoc" value="/usr/lib/jvm/java-16-openjdk-amd64/bin/javadoc" />
    <property name="libs.spring-webmvc3.0.classpath" value="/usr/local/netbeans-12.3/netbeans/java/modules/ext/spring-3.0/spring-webmvc-3.2.18.RELEASE.jar" />
    <property name="netbeans.running.environment" value="gnome" />
    <property name="java.runtime.name" value="OpenJDK Runtime Environment" />
    <property name="libs.jaxb.javadoc" value="/usr/local/netbeans-12.3/netbeans/ide/docs/jaxb-api-doc.jar" />
    <property name="manifest.available" value="true" />
    <property name="libs.spring-framework500.maven-pom" value="" />
    <property name="run.jvmargs.ide" value="" />
    <property name="ant.core.lib" value="/usr/local/netbeans-12.3/netbeans/extide/ant/lib/ant.jar" />
    <property name="libs.jsp-compilation.maven-pom" value="" />
    <property name="platforms.JDK_11.compiler" value="modern" />
    <property name="javac.profile.cmd.line.arg" value="" />
    <property name="application.title" value="isPrime" />
    <property name="do.archive+main.class.available" value="true" />
    <property name="ignore.failing.tests" value="true" />
    <property name="javac.test.modulepath" value="" />
    <property name="libs.PostgreSQLDriver.javadoc" value="" />
    <property name="libs.jsp-compilation-syscp.classpath" value="/usr/local/netbeans-12.3/netbeans/extide/ant/lib/ant.jar:/usr/local/netbeans-12.3/netbeans/enterprise/modules/ext/servlet3.1-jsp2.3-api.jar:/usr/local/netbeans-12.3/netbeans/enterprise/modules/ext/glassfish-jspparser-4.0.jar:/usr/local/netbeans-12.3/netbeans/enterprise/modules/ext/jstl-impl.jar:/usr/local/netbeans-12.3/netbeans/enterprise/modules/ext/jsf-2_2/javax.faces.jar" />
    <property name="libs.jsp-compilation.classpath" value="/usr/local/netbeans-12.3/netbeans/extide/ant/lib/ant.jar:/usr/local/netbeans-12.3/netbeans/enterprise/modules/ext/servlet3.1-jsp2.3-api.jar:/usr/local/netbeans-12.3/netbeans/enterprise/modules/ext/glassfish-jspparser-4.0.jar:/usr/local/netbeans-12.3/netbeans/enterprise/modules/ext/jsf-2_2/javax.faces.jar:/usr/local/netbeans-12.3/netbeans/enterprise/modules/ext/jstl-api.jar:/usr/local/netbeans-12.3/netbeans/extide/ant/lib/ant-launcher.jar" />
    <property name="libs.javaee-api-6.0.classpath" value="/usr/local/netbeans-12.3/netbeans/enterprise/modules/ext/javaee-api-6.0.jar" />
    <property name="libs.javaee-api-7.0.classpath" value="/usr/local/netbeans-12.3/netbeans/enterprise/modules/ext/javaee-api-7.0.jar" />
    <property name="libs.restapi.maven-pom" value="" />
    <property name="javadoc.preview" value="true" />
    <property name="do.depend" value="false" />
    <property name="sun.arch.data.model" value="64" />
    <property name="jnlp.signing.alias" value="" />
    <property name="nb.show.statistics.ui" value="usageStatisticsEnabled" />
    <property name="libs.javaee-endorsed-api-7.0.src" value="" />
    <property name="sun.font.fontmanager" value="sun.awt.X11FontManager" />
    <property name="libs.Matej.classpath" value="/home/zialen/javafx-sdk-11.0.2/lib/javafx-swt.jar:/home/zialen/javafx-sdk-11.0.2/lib/javafx.base.jar:/home/zialen/javafx-sdk-11.0.2/lib/javafx.controls.jar:/home/zialen/javafx-sdk-11.0.2/lib/javafx.fxml.jar:/home/zialen/javafx-sdk-11.0.2/lib/javafx.graphics.jar:/home/zialen/javafx-sdk-11.0.2/lib/javafx.media.jar:/home/zialen/javafx-sdk-11.0.2/lib/javafx.swing.jar:/home/zialen/javafx-sdk-11.0.2/lib/javafx.web.jar" />
    <property name="ant.file.isPrime-impl" value="/home/zialen/FAKS/JavaMIhelcic/isPrime/isPrime/nbproject/build-impl.xml" />
    <property name="annotation.processing.enabled" value="true" />
    <property name="libs.junit_5.src" value="/usr/local/netbeans-12.3/netbeans/platform/docs/junit-jupiter-api-5.6.0-sources.jar:/usr/local/netbeans-12.3/netbeans/platform/docs/junit-jupiter-params-5.6.0-sources.jar:/usr/local/netbeans-12.3/netbeans/platform/docs/junit-jupiter-engine-5.6.0-sources.jar" />
    <property name="libs.jaxb.classpath" value="/usr/local/netbeans-12.3/netbeans/ide/modules/ext/jaxb/jaxb-impl.jar:/usr/local/netbeans-12.3/netbeans/ide/modules/ext/jaxb/jaxb-xjc.jar:/usr/local/netbeans-12.3/netbeans/ide/modules/ext/jaxb/activation.jar:/usr/local/netbeans-12.3/netbeans/ide/modules/ext/jaxb/api/jaxb-api.jar" />
    <property name="libs.javaee-api-8.0.classpath" value="/usr/local/netbeans-12.3/netbeans/enterprise/modules/ext/javaee-api-8.0.jar" />
    <property name="libs.CopyLibs.src" value="" />
    <property name="platforms.JDK_11.home" value="/usr/lib/jvm/java-11-openjdk-amd64" />
    <property name="java.specification.vendor" value="Oracle Corporation" />
    <property name="javac.source" value="16" />
    <property name="jdk.module.path" value="/home/zialen/javafx-sdk-11.0.2/lib/javafx-swt.jar:/home/zialen/javafx-sdk-11.0.2/lib/javafx.base.jar:/home/zialen/javafx-sdk-11.0.2/lib/javafx.controls.jar:/home/zialen/javafx-sdk-11.0.2/lib/javafx.fxml.jar:/home/zialen/javafx-sdk-11.0.2/lib/javafx.graphics.jar:/home/zialen/javafx-sdk-11.0.2/lib/javafx.media.jar:/home/zialen/javafx-sdk-11.0.2/lib/javafx.swing.jar:/home/zialen/javafx-sdk-11.0.2/lib/javafx.web.jar" />
    <property name="java.version.date" value="2021-04-20" />
    <property name="java.home" value="/usr/lib/jvm/java-16-openjdk-amd64" />
    <property name="libs.JFreeGraph.javadoc" value="" />
    <property name="work.dir" value="/home/zialen/FAKS/JavaMIhelcic/isPrime/isPrime" />
    <property name="javac.test.compilerargs" value="" />
    <property name="jna.boot.library.name" value="jnidispatch-nb" />
    <property name="libs.PostgreSQLDriver.classpath" value="/usr/local/netbeans-12.3/netbeans/ide/modules/ext/postgresql-42.2.16.jar" />
    <property name="libs.graaljs.javadoc" value="" />
    <property name="libs.spring-webmvc3.0.javadoc" value="" />
    <property name="libs.JAXB-ENDORSED.src" value="" />
    <property name="libs.JavaFX.maven-pom" value="" />
    <property name="manifest.encoding" value="UTF-8" />
    <property name="manifest.custom.permissions" value="" />
    <property name="libs.spring-framework400.src" value="" />
    <property name="sun.management.compiler" value="HotSpot 64-Bit Tiered Compilers" />
    <property name="run.test.modulepath" value=":/home/zialen/javafx-sdk-11.0.2/lib/javafx-swt.jar:/home/zialen/javafx-sdk-11.0.2/lib/javafx.base.jar:/home/zialen/javafx-sdk-11.0.2/lib/javafx.controls.jar:/home/zialen/javafx-sdk-11.0.2/lib/javafx.fxml.jar:/home/zialen/javafx-sdk-11.0.2/lib/javafx.graphics.jar:/home/zialen/javafx-sdk-11.0.2/lib/javafx.media.jar:/home/zialen/javafx-sdk-11.0.2/lib/javafx.swing.jar:/home/zialen/javafx-sdk-11.0.2/lib/javafx.web.jar" />
    <property name="libs.javaee-web-api-6.0.classpath" value="/usr/local/netbeans-12.3/netbeans/enterprise/modules/ext/javaee-web-api-6.0.jar" />
    <property name="libs.graaljs.classpath" value="/usr/local/netbeans-12.3/netbeans/webcommon/modules/ext/js-20.2.0.jar:/usr/local/netbeans-12.3/netbeans/webcommon/modules/ext/js-launcher-20.2.0.jar:/usr/local/netbeans-12.3/netbeans/webcommon/modules/ext/regex-20.2.0.jar:/usr/local/netbeans-12.3/netbeans/webcommon/modules/ext/icu4j-67.1.jar:/usr/local/netbeans-12.3/netbeans/ide/modules/ext/graal-sdk-20.2.0.jar:/usr/local/netbeans-12.3/netbeans/ide/modules/ext/launcher-common-20.2.0.jar:/usr/local/netbeans-12.3/netbeans/ide/modules/ext/truffle-api-20.2.0.jar" />
    <property name="libs.jsp-compiler.javadoc" value="" />
    <property name="debug.test.modulepath" value=":/home/zialen/javafx-sdk-11.0.2/lib/javafx-swt.jar:/home/zialen/javafx-sdk-11.0.2/lib/javafx.base.jar:/home/zialen/javafx-sdk-11.0.2/lib/javafx.controls.jar:/home/zialen/javafx-sdk-11.0.2/lib/javafx.fxml.jar:/home/zialen/javafx-sdk-11.0.2/lib/javafx.graphics.jar:/home/zialen/javafx-sdk-11.0.2/lib/javafx.media.jar:/home/zialen/javafx-sdk-11.0.2/lib/javafx.swing.jar:/home/zialen/javafx-sdk-11.0.2/lib/javafx.web.jar" />
    <property name="libs.javaee-web-api-7.0.classpath" value="/usr/local/netbeans-12.3/netbeans/enterprise/modules/ext/javaee-web-api-7.0.jar" />
    <property name="file.encoding" value="UTF-8" />
    <property name="java.util.logging.config.class" value="org.netbeans.core.startup.TopLogging" />
    <property name="https.nonProxyHosts" value="localhost|127.0.0.1|zialen-Aspire-A315-53" />
    <property name="libs.restlib.javadoc" value="" />
    <property name="libs.absolutelayout.classpath" value="/usr/local/netbeans-12.3/netbeans/java/modules/ext/AbsoluteLayout.jar" />
    <property name="do.archive" value="true" />
    <property name="libs.struts.maven-pom" value="" />
    <property name="built-jar.properties" value="/home/zialen/FAKS/JavaMIhelcic/isPrime/isPrime/build/built-jar.properties" />
    <property name="nb.native.filechooser" value="false" />
    <property name="libs.testng.src" value="" />
    <property name="libs.Matej.javadoc" value="" />
    <property name="libs.javaee-web-api-8.0.classpath" value="/usr/local/netbeans-12.3/netbeans/enterprise/modules/ext/javaee-web-api-8.0.jar" />
    <property name="platform.active" value="JDK_16" />
    <property name="manifest.file" value="manifest.mf" />
    <property name="sun.io.unicode.encoding" value="UnicodeLittle" />
    <property name="libs.struts.javadoc" value="/usr/local/netbeans-12.3/netbeans/enterprise/docs/struts-1.3.10-javadoc.zip" />
    <property name="default.javac.source" value="16" />
    <property name="netbeans.dynamic.classpath" value="/usr/local/netbeans-12.3/netbeans/platform/core/core.jar:/usr/local/netbeans-12.3/netbeans/platform/core/org-openide-filesystems.jar:/usr/local/netbeans-12.3/netbeans/platform/core/asm-commons-8.0.1.jar:/usr/local/netbeans-12.3/netbeans/platform/core/org-openide-filesystems-compat8.jar:/usr/local/netbeans-12.3/netbeans/platform/core/core-base.jar:/usr/local/netbeans-12.3/netbeans/platform/core/org-netbeans-libs-asm.jar:/usr/local/netbeans-12.3/netbeans/platform/core/asm-tree-8.0.1.jar:/usr/local/netbeans-12.3/netbeans/platform/core/asm-8.0.1.jar:/usr/local/netbeans-12.3/netbeans/nb/core/org-netbeans-upgrader.jar:/usr/local/netbeans-12.3/netbeans/nb/core/locale/core_nb.jar" />
    <property name="libs.javaee-web-api-8.0.javadoc" value="/usr/local/netbeans-12.3/netbeans/enterprise/docs/javaee-doc-api.jar" />
    <property name="libs.eclipselinkmodelgen.classpath" value="/usr/local/netbeans-12.3/netbeans/java/modules/ext/eclipselink/org.eclipse.persistence.jpa.modelgen.processor-2.7.7.jar" />
    <property name="javac.systemmodulepath.cmd.line.arg" value="" />
    <property name="libs.JFreeGraph.maven-pom" value="" />
    <property name="platforms.JDK_16.compiler" value="modern" />
    <property name="netbeans.buildnumber" value="12.3-c3d4f6fa6c956cf1b5a35e8da4f44a96ab76f6a9" />
    <property name="php.global.include.path" value="" />
    <property name="endorsed.classpath.cmd.line.arg" value="" />
    <property name="libs.jpa20-persistence.maven-pom" value="" />
    <property name="libs.CopyLibs.maven-pom" value="" />
    <property name="os.name" value="Linux" />
    <property name="build.sysclasspath" value="ignore" />
    <property name="libs.jakartaee-api-8.0.maven-pom" value="" />
    <property name="libs.JFreeGraph.classpath" value="/home/zialen/FAKS/JavaMIhelcic/Librarires/jfreechart-1.0.19/lib/hamcrest-core-1.3.jar:/home/zialen/FAKS/JavaMIhelcic/Librarires/jfreechart-1.0.19/lib/jcommon-1.0.23.jar:/home/zialen/FAKS/JavaMIhelcic/Librarires/jfreechart-1.0.19/lib/jfreechart-1.0.19-experimental.jar:/home/zialen/FAKS/JavaMIhelcic/Librarires/jfreechart-1.0.19/lib/jfreechart-1.0.19-swt.jar:/home/zialen/FAKS/JavaMIhelcic/Librarires/jfreechart-1.0.19/lib/jfreechart-1.0.19.jar:/home/zialen/FAKS/JavaMIhelcic/Librarires/jfreechart-1.0.19/lib/jfreesvg-2.0.jar:/home/zialen/FAKS/JavaMIhelcic/Librarires/jfreechart-1.0.19/lib/junit-4.11.jar:/home/zialen/FAKS/JavaMIhelcic/Librarires/jfreechart-1.0.19/lib/orsoncharts-1.4-eval-nofx.jar:/home/zialen/FAKS/JavaMIhelcic/Librarires/jfreechart-1.0.19/lib/orsonpdf-1.6-eval.jar:/home/zialen/FAKS/JavaMIhelcic/Librarires/jfreechart-1.0.19/lib/servlet.jar:/home/zialen/FAKS/JavaMIhelcic/Librarires/jfreechart-1.0.19/lib/swtgraphics2d.jar" />
    <property name="javadoc.author" value="false" />
    <property name="http.nonProxyHosts" value="localhost|127.0.0.1|zialen-Aspire-A315-53" />
    <property name="main.class" value="application.Main" />
    <property name="libs.jsp-compilation-syscp.javadoc" value="" />
    <property name="source.encoding" value="UTF-8" />
    <property name="jar.compress" value="false" />
    <property name="libs.javaee-api-7.0.javadoc" value="/usr/local/netbeans-12.3/netbeans/enterprise/docs/javaee-doc-api.jar" />
    <property name="libs.spring-webmvc5.0.src" value="" />
    <property name="jnlp.mixed.code" value="default" />
    <property name="libs.jsf20.maven-pom" value="" />
    <property name="libs.restlib.classpath" value="/usr/local/netbeans-12.3/netbeans/enterprise/modules/ext/jersey2/ext/asm-all-repackaged-2.2.0-b21.jar:/usr/local/netbeans-12.3/netbeans/enterprise/modules/ext/jersey2/ext/cglib-2.2.0-b21.jar:/usr/local/netbeans-12.3/netbeans/enterprise/modules/ext/jersey2/ext/guava-14.0.1.jar:/usr/local/netbeans-12.3/netbeans/enterprise/modules/ext/jersey2/ext/hk2-api-2.2.0-b21.jar:/usr/local/netbeans-12.3/netbeans/enterprise/modules/ext/jersey2/ext/hk2-locator-2.2.0-b21.jar:/usr/local/netbeans-12.3/netbeans/enterprise/modules/ext/jersey2/ext/hk2-utils-2.2.0-b21.jar:/usr/local/netbeans-12.3/netbeans/enterprise/modules/ext/jersey2/ext/javax.annotation-api-1.2.jar:/usr/local/netbeans-12.3/netbeans/enterprise/modules/ext/jersey2/ext/javax.inject-2.2.0-b21.jar:/usr/local/netbeans-12.3/netbeans/enterprise/modules/ext/jersey2/ext/javax.servlet-api-3.0.1.jar:/usr/local/netbeans-12.3/netbeans/enterprise/modules/ext/jersey2/ext/jaxb-api-2.2.7.jar:/usr/local/netbeans-12.3/netbeans/enterprise/modules/ext/jersey2/ext/jersey-entity-filtering-2.5.1.jar:/usr/local/netbeans-12.3/netbeans/enterprise/modules/ext/jersey2/ext/jersey-media-moxy-2.5.1.jar:/usr/local/netbeans-12.3/netbeans/enterprise/modules/ext/jersey2/ext/org.osgi.core-4.2.0.jar:/usr/local/netbeans-12.3/netbeans/enterprise/modules/ext/jersey2/ext/osgi-resource-locator-1.0.1.jar:/usr/local/netbeans-12.3/netbeans/enterprise/modules/ext/jersey2/ext/persistence-api-1.0.jar:/usr/local/netbeans-12.3/netbeans/enterprise/modules/ext/jersey2/ext/validation-api-1.1.0.Final.jar:/usr/local/netbeans-12.3/netbeans/enterprise/modules/ext/jersey2/jersey-client.jar:/usr/local/netbeans-12.3/netbeans/enterprise/modules/ext/jersey2/jersey-common.jar:/usr/local/netbeans-12.3/netbeans/enterprise/modules/ext/jersey2/jersey-container-servlet.jar:/usr/local/netbeans-12.3/netbeans/enterprise/modules/ext/jersey2/jersey-container-servlet-core.jar:/usr/local/netbeans-12.3/netbeans/enterprise/modules/ext/jersey2/jersey-server.jar:/usr/local/netbeans-12.3/netbeans/java/modules/ext/eclipselink/org.eclipse.persistence.core-2.7.7.jar:/usr/local/netbeans-12.3/netbeans/java/modules/ext/eclipselink/org.eclipse.persistence.asm-2.7.7.jar:/usr/local/netbeans-12.3/netbeans/java/modules/ext/eclipselink/org.eclipse.persistence.antlr-2.7.7.jar:/usr/local/netbeans-12.3/netbeans/java/modules/ext/eclipselink/org.eclipse.persistence.jpa-2.7.7.jar:/usr/local/netbeans-12.3/netbeans/java/modules/ext/eclipselink/org.eclipse.persistence.jpa.jpql-2.7.7.jar:/usr/local/netbeans-12.3/netbeans/java/modules/ext/eclipselink/org.eclipse.persistence.moxy-2.7.7.jar" />
    <property name="libs.jakartaee-web-api-8.0.javadoc" value="/usr/local/netbeans-12.3/netbeans/enterprise/docs/jakartaee8-doc-api.jar" />
    <property name="apple.awt.graphics.UseQuartz" value="true" />
    <property name="libs.graaljs.src" value="" />
    <property name="run.jvmargs" value="--add-modules javafx.controls,javafx.fxml" />
    <property name="libs.primefaces.src" value="" />
    <property name="ant.file" value="/home/zialen/FAKS/JavaMIhelcic/isPrime/isPrime/build.xml" />
    <property name="libs.struts.src" value="" />
    <property name="path.separator" value=":" />
    <property name="libs.JAXB-ENDORSED.classpath" value="/usr/local/netbeans-12.3/netbeans/ide/modules/ext/jaxb/api/jaxb-api.jar" />
    <property name="libs.restlib.src" value="" />
    <property name="platforms.JDK_16.bootclasspath" value="/usr/lib/jvm/java-16-openjdk-amd64/!/modules/java.base/:/usr/lib/jvm/java-16-openjdk-amd64/!/modules/java.compiler/:/usr/lib/jvm/java-16-openjdk-amd64/!/modules/java.datatransfer/:/usr/lib/jvm/java-16-openjdk-amd64/!/modules/java.desktop/:/usr/lib/jvm/java-16-openjdk-amd64/!/modules/java.instrument/:/usr/lib/jvm/java-16-openjdk-amd64/!/modules/java.logging/:/usr/lib/jvm/java-16-openjdk-amd64/!/modules/java.management/:/usr/lib/jvm/java-16-openjdk-amd64/!/modules/java.management.rmi/:/usr/lib/jvm/java-16-openjdk-amd64/!/modules/java.naming/:/usr/lib/jvm/java-16-openjdk-amd64/!/modules/java.net.http/:/usr/lib/jvm/java-16-openjdk-amd64/!/modules/java.prefs/:/usr/lib/jvm/java-16-openjdk-amd64/!/modules/java.rmi/:/usr/lib/jvm/java-16-openjdk-amd64/!/modules/java.scripting/:/usr/lib/jvm/java-16-openjdk-amd64/!/modules/java.se/:/usr/lib/jvm/java-16-openjdk-amd64/!/modules/java.security.jgss/:/usr/lib/jvm/java-16-openjdk-amd64/!/modules/java.security.sasl/:/usr/lib/jvm/java-16-openjdk-amd64/!/modules/java.smartcardio/:/usr/lib/jvm/java-16-openjdk-amd64/!/modules/java.sql/:/usr/lib/jvm/java-16-openjdk-amd64/!/modules/java.sql.rowset/:/usr/lib/jvm/java-16-openjdk-amd64/!/modules/java.transaction.xa/:/usr/lib/jvm/java-16-openjdk-amd64/!/modules/java.xml/:/usr/lib/jvm/java-16-openjdk-amd64/!/modules/java.xml.crypto/:/usr/lib/jvm/java-16-openjdk-amd64/!/modules/jdk.accessibility/:/usr/lib/jvm/java-16-openjdk-amd64/!/modules/jdk.aot/:/usr/lib/jvm/java-16-openjdk-amd64/!/modules/jdk.attach/:/usr/lib/jvm/java-16-openjdk-amd64/!/modules/jdk.charsets/:/usr/lib/jvm/java-16-openjdk-amd64/!/modules/jdk.compiler/:/usr/lib/jvm/java-16-openjdk-amd64/!/modules/jdk.crypto.cryptoki/:/usr/lib/jvm/java-16-openjdk-amd64/!/modules/jdk.crypto.ec/:/usr/lib/jvm/java-16-openjdk-amd64/!/modules/jdk.dynalink/:/usr/lib/jvm/java-16-openjdk-amd64/!/modules/jdk.editpad/:/usr/lib/jvm/java-16-openjdk-amd64/!/modules/jdk.hotspot.agent/:/usr/lib/jvm/java-16-openjdk-amd64/!/modules/jdk.httpserver/:/usr/lib/jvm/java-16-openjdk-amd64/!/modules/jdk.incubator.foreign/:/usr/lib/jvm/java-16-openjdk-amd64/!/modules/jdk.incubator.vector/:/usr/lib/jvm/java-16-openjdk-amd64/!/modules/jdk.internal.ed/:/usr/lib/jvm/java-16-openjdk-amd64/!/modules/jdk.internal.jvmstat/:/usr/lib/jvm/java-16-openjdk-amd64/!/modules/jdk.internal.le/:/usr/lib/jvm/java-16-openjdk-amd64/!/modules/jdk.internal.opt/:/usr/lib/jvm/java-16-openjdk-amd64/!/modules/jdk.internal.vm.ci/:/usr/lib/jvm/java-16-openjdk-amd64/!/modules/jdk.internal.vm.compiler/:/usr/lib/jvm/java-16-openjdk-amd64/!/modules/jdk.internal.vm.compiler.management/:/usr/lib/jvm/java-16-openjdk-amd64/!/modules/jdk.jartool/:/usr/lib/jvm/java-16-openjdk-amd64/!/modules/jdk.javadoc/:/usr/lib/jvm/java-16-openjdk-amd64/!/modules/jdk.jcmd/:/usr/lib/jvm/java-16-openjdk-amd64/!/modules/jdk.jconsole/:/usr/lib/jvm/java-16-openjdk-amd64/!/modules/jdk.jdeps/:/usr/lib/jvm/java-16-openjdk-amd64/!/modules/jdk.jdi/:/usr/lib/jvm/java-16-openjdk-amd64/!/modules/jdk.jdwp.agent/:/usr/lib/jvm/java-16-openjdk-amd64/!/modules/jdk.jfr/:/usr/lib/jvm/java-16-openjdk-amd64/!/modules/jdk.jlink/:/usr/lib/jvm/java-16-openjdk-amd64/!/modules/jdk.jpackage/:/usr/lib/jvm/java-16-openjdk-amd64/!/modules/jdk.jshell/:/usr/lib/jvm/java-16-openjdk-amd64/!/modules/jdk.jsobject/:/usr/lib/jvm/java-16-openjdk-amd64/!/modules/jdk.jstatd/:/usr/lib/jvm/java-16-openjdk-amd64/!/modules/jdk.localedata/:/usr/lib/jvm/java-16-openjdk-amd64/!/modules/jdk.management/:/usr/lib/jvm/java-16-openjdk-amd64/!/modules/jdk.management.agent/:/usr/lib/jvm/java-16-openjdk-amd64/!/modules/jdk.management.jfr/:/usr/lib/jvm/java-16-openjdk-amd64/!/modules/jdk.naming.dns/:/usr/lib/jvm/java-16-openjdk-amd64/!/modules/jdk.naming.rmi/:/usr/lib/jvm/java-16-openjdk-amd64/!/modules/jdk.net/:/usr/lib/jvm/java-16-openjdk-amd64/!/modules/jdk.nio.mapmode/:/usr/lib/jvm/java-16-openjdk-amd64/!/modules/jdk.sctp/:/usr/lib/jvm/java-16-openjdk-amd64/!/modules/jdk.security.auth/:/usr/lib/jvm/java-16-openjdk-amd64/!/modules/jdk.security.jgss/:/usr/lib/jvm/java-16-openjdk-amd64/!/modules/jdk.unsupported/:/usr/lib/jvm/java-16-openjdk-amd64/!/modules/jdk.unsupported.desktop/:/usr/lib/jvm/java-16-openjdk-amd64/!/modules/jdk.xml.dom/:/usr/lib/jvm/java-16-openjdk-amd64/!/modules/jdk.zipfs/" />
    <property name="build.test.results.dir" value="build/test/results" />
    <property name="libs.jaxws21.javadoc" value="/usr/local/netbeans-12.3/netbeans/java/docs/jaxws-api-doc.zip" />
    <property name="libs.javaee-endorsed-api-6.0.javadoc" value="/usr/local/netbeans-12.3/netbeans/enterprise/docs/javaee-doc-api.jar" />
    <property name="libs.spring-framework400.maven-pom" value="" />
    <property name="ap.processors.internal" value="" />
    <property name="module.name" value="" />
    <property name="libs.spring-webmvc5.0.javadoc" value="" />
    <property name="libs.jsf12.classpath" value="/usr/local/netbeans-12.3/netbeans/enterprise/modules/ext/jsf-1_2/jsf-api.jar:/usr/local/netbeans-12.3/netbeans/enterprise/modules/ext/jsf-1_2/jsf-impl.jar" />
    <property name="libs.spring-framework400.javadoc" value="" />
    <property name="libs.hamcrest.javadoc" value="" />
    <property name="platform.javadoc.tmp" value="${platforms.JDK_16.javadoc}" />
    <property name="do.jar" value="true" />
    <property name="java.vm.info" value="mixed mode, sharing" />
    <property name="libs.primefaces.classpath" value="/usr/local/netbeans-12.3/netbeans/enterprise/modules/ext/primefaces/primefaces-5.0.jar" />
    <property name="libs.jaxws21.maven-pom" value="" />
    <property name="run.test.classpath" value="/home/zialen/javafx-sdk-11.0.2/lib/javafx-swt.jar:/home/zialen/javafx-sdk-11.0.2/lib/javafx.base.jar:/home/zialen/javafx-sdk-11.0.2/lib/javafx.controls.jar:/home/zialen/javafx-sdk-11.0.2/lib/javafx.fxml.jar:/home/zialen/javafx-sdk-11.0.2/lib/javafx.graphics.jar:/home/zialen/javafx-sdk-11.0.2/lib/javafx.media.jar:/home/zialen/javafx-sdk-11.0.2/lib/javafx.swing.jar:/home/zialen/javafx-sdk-11.0.2/lib/javafx.web.jar:/home/zialen/FAKS/JavaMIhelcic/Librarires/jfreechart-1.0.19/lib/hamcrest-core-1.3.jar:/home/zialen/FAKS/JavaMIhelcic/Librarires/jfreechart-1.0.19/lib/jcommon-1.0.23.jar:/home/zialen/FAKS/JavaMIhelcic/Librarires/jfreechart-1.0.19/lib/jfreechart-1.0.19-experimental.jar:/home/zialen/FAKS/JavaMIhelcic/Librarires/jfreechart-1.0.19/lib/jfreechart-1.0.19-swt.jar:/home/zialen/FAKS/JavaMIhelcic/Librarires/jfreechart-1.0.19/lib/jfreechart-1.0.19.jar:/home/zialen/FAKS/JavaMIhelcic/Librarires/jfreechart-1.0.19/lib/jfreesvg-2.0.jar:/home/zialen/FAKS/JavaMIhelcic/Librarires/jfreechart-1.0.19/lib/junit-4.11.jar:/home/zialen/FAKS/JavaMIhelcic/Librarires/jfreechart-1.0.19/lib/orsoncharts-1.4-eval-nofx.jar:/home/zialen/FAKS/JavaMIhelcic/Librarires/jfreechart-1.0.19/lib/orsonpdf-1.6-eval.jar:/home/zialen/FAKS/JavaMIhelcic/Librarires/jfreechart-1.0.19/lib/servlet.jar:/home/zialen/FAKS/JavaMIhelcic/Librarires/jfreechart-1.0.19/lib/swtgraphics2d.jar:/home/zialen/FAKS/JavaMIhelcic/Librarires/sqlite-jdbc-3.36.0.1.jar:build/classes:/usr/local/netbeans-12.3/netbeans/platform/modules/ext/junit-jupiter-api-5.6.0.jar:/usr/local/netbeans-12.3/netbeans/platform/modules/ext/junit-jupiter-params-5.6.0.jar:/usr/local/netbeans-12.3/netbeans/platform/modules/ext/junit-jupiter-engine-5.6.0.jar:/home/zialen/FAKS/JavaMIhelcic/Librarires/sqlite-jdbc-3.36.0.1.jar:/usr/local/netbeans-12.3/netbeans/platform/modules/ext/junit-4.13.1.jar:/usr/local/netbeans-12.3/netbeans/platform/modules/ext/hamcrest-core-1.3.jar:/home/zialen/javafx-sdk-11.0.2/lib/javafx-swt.jar:/home/zialen/javafx-sdk-11.0.2/lib/javafx.base.jar:/home/zialen/javafx-sdk-11.0.2/lib/javafx.controls.jar:/home/zialen/javafx-sdk-11.0.2/lib/javafx.fxml.jar:/home/zialen/javafx-sdk-11.0.2/lib/javafx.graphics.jar:/home/zialen/javafx-sdk-11.0.2/lib/javafx.media.jar:/home/zialen/javafx-sdk-11.0.2/lib/javafx.swing.jar:/home/zialen/javafx-sdk-11.0.2/lib/javafx.web.jar:build/test/classes:/home/zialen/FAKS/JavaMIhelcic/Librarires/sqlite-jdbc-3.36.0.1.jar" />
    <property name="dist.jlink.output" value="dist/jlink/isPrime" />
    <property name="java.class.version" value="60.0" />
    <property name="javadoc.encoding.used" value="UTF-8" />
    <property name="src.dir" value="src" />
    <property name="ant.project.default-target" value="default" />
    <property name="debug.classpath" value="/home/zialen/javafx-sdk-11.0.2/lib/javafx-swt.jar:/home/zialen/javafx-sdk-11.0.2/lib/javafx.base.jar:/home/zialen/javafx-sdk-11.0.2/lib/javafx.controls.jar:/home/zialen/javafx-sdk-11.0.2/lib/javafx.fxml.jar:/home/zialen/javafx-sdk-11.0.2/lib/javafx.graphics.jar:/home/zialen/javafx-sdk-11.0.2/lib/javafx.media.jar:/home/zialen/javafx-sdk-11.0.2/lib/javafx.swing.jar:/home/zialen/javafx-sdk-11.0.2/lib/javafx.web.jar:/home/zialen/FAKS/JavaMIhelcic/Librarires/jfreechart-1.0.19/lib/hamcrest-core-1.3.jar:/home/zialen/FAKS/JavaMIhelcic/Librarires/jfreechart-1.0.19/lib/jcommon-1.0.23.jar:/home/zialen/FAKS/JavaMIhelcic/Librarires/jfreechart-1.0.19/lib/jfreechart-1.0.19-experimental.jar:/home/zialen/FAKS/JavaMIhelcic/Librarires/jfreechart-1.0.19/lib/jfreechart-1.0.19-swt.jar:/home/zialen/FAKS/JavaMIhelcic/Librarires/jfreechart-1.0.19/lib/jfreechart-1.0.19.jar:/home/zialen/FAKS/JavaMIhelcic/Librarires/jfreechart-1.0.19/lib/jfreesvg-2.0.jar:/home/zialen/FAKS/JavaMIhelcic/Librarires/jfreechart-1.0.19/lib/junit-4.11.jar:/home/zialen/FAKS/JavaMIhelcic/Librarires/jfreechart-1.0.19/lib/orsoncharts-1.4-eval-nofx.jar:/home/zialen/FAKS/JavaMIhelcic/Librarires/jfreechart-1.0.19/lib/orsonpdf-1.6-eval.jar:/home/zialen/FAKS/JavaMIhelcic/Librarires/jfreechart-1.0.19/lib/servlet.jar:/home/zialen/FAKS/JavaMIhelcic/Librarires/jfreechart-1.0.19/lib/swtgraphics2d.jar:/home/zialen/FAKS/JavaMIhelcic/Librarires/sqlite-jdbc-3.36.0.1.jar:build/classes:/home/zialen/FAKS/JavaMIhelcic/Librarires/jfreechart-1.0.19/lib/hamcrest-core-1.3.jar:/home/zialen/FAKS/JavaMIhelcic/Librarires/jfreechart-1.0.19/lib/jcommon-1.0.23.jar:/home/zialen/FAKS/JavaMIhelcic/Librarires/jfreechart-1.0.19/lib/jfreechart-1.0.19-experimental.jar:/home/zialen/FAKS/JavaMIhelcic/Librarires/jfreechart-1.0.19/lib/jfreechart-1.0.19-swt.jar:/home/zialen/FAKS/JavaMIhelcic/Librarires/jfreechart-1.0.19/lib/jfreechart-1.0.19.jar:/home/zialen/FAKS/JavaMIhelcic/Librarires/jfreechart-1.0.19/lib/jfreesvg-2.0.jar:/home/zialen/FAKS/JavaMIhelcic/Librarires/jfreechart-1.0.19/lib/junit-4.11.jar:/home/zialen/FAKS/JavaMIhelcic/Librarires/jfreechart-1.0.19/lib/orsoncharts-1.4-eval-nofx.jar:/home/zialen/FAKS/JavaMIhelcic/Librarires/jfreechart-1.0.19/lib/orsonpdf-1.6-eval.jar:/home/zialen/FAKS/JavaMIhelcic/Librarires/jfreechart-1.0.19/lib/servlet.jar:/home/zialen/FAKS/JavaMIhelcic/Librarires/jfreechart-1.0.19/lib/swtgraphics2d.jar:/home/zialen/FAKS/JavaMIhelcic/Librarires/sqlite-jdbc-3.36.0.1.jar" />
    <property name="excludes" value="" />
    <property name="libs.javaee-api-7.0.src" value="" />
    <property name="platform.java.tmp" value="${platforms.JDK_16.java}" />
    <property name="sun.jnu.encoding" value="UTF-8" />
    <property name="run.test.jvmargs" value="" />
    <property name="libs.junit_4.javadoc" value="/usr/local/netbeans-12.3/netbeans/platform/docs/junit-4.13.1-javadoc.jar" />
    <property name="jnlp.offline-allowed" value="false" />
    <property name="libs.spring-webmvc4.0.src" value="" />
    <property name="sun.java2d.dpiaware" value="true" />
    <property name="main.class.available" value="true" />
    <property name="libs.jsf20.javadoc" value="/usr/local/netbeans-12.3/netbeans/enterprise/docs/javaee-doc-api.jar" />
    <property name="libs.Matej.maven-pom" value="" />
    <property name="netbeans.importclass" value="org.netbeans.upgrade.AutoUpgrade" />
    <property name="jar.archive.disabled" value="false" />
    <property name="netbeans.autoupdate.version" value="1.23" />
    <property name="empty.dir" value="/home/zialen/FAKS/JavaMIhelcic/isPrime/isPrime/build/empty" />
    <property name="netbeans.user" value="/home/zialen/.netbeans/12.3" />
    <property name="file.separator" value="/" />
    <property name="line.separator" value="&#xa;" />
    <property name="javadoc.additionalparam" value="" />
    <property name="jnlp.signed" value="false" />
    <property name="libs.spring-webmvc5.0.classpath" value="/usr/local/netbeans-12.3/netbeans/java/modules/ext/spring-5/spring-webmvc-5.2.9.RELEASE.jar" />
    <property name="libs.restlib.maven-pom" value="" />
    <property name="javac.debug" value="true" />
    <property name="libs.testng.classpath" value="/usr/local/netbeans-12.3/netbeans/platform/modules/ext/testng-6.14.3.jar:/usr/local/netbeans-12.3/netbeans/platform/modules/ext/jcommander-1.78.jar" />
    <property name="libs.jsp-compiler.src" value="" />
    <property name="user.name" value="zialen" />
    <property name="build.classes.dir" value="build/classes" />
    <property name="ant.file.isPrime" value="/home/zialen/FAKS/JavaMIhelcic/isPrime/isPrime/build.xml" />
    <property name="securerandom.source" value="file:/dev/./urandom" />
    <property name="nb.junit.single" value="false" />
    <property name="javadoc.windowtitle" value="" />
    <property name="nb.internal.action.name" value="test" />
    <property name="libs.javaee-api-8.0.maven-pom" value="" />
    <property name="platforms.JDK_16.home" value="/usr/lib/jvm/java-16-openjdk-amd64" />
    <property name="libs.jaxws21.src" value="" />
    <property name="platforms.JDK_11.bootclasspath" value="/usr/lib/jvm/java-11-openjdk-amd64/!/modules/java.base/:/usr/lib/jvm/java-11-openjdk-amd64/!/modules/java.compiler/:/usr/lib/jvm/java-11-openjdk-amd64/!/modules/java.datatransfer/:/usr/lib/jvm/java-11-openjdk-amd64/!/modules/java.desktop/:/usr/lib/jvm/java-11-openjdk-amd64/!/modules/java.instrument/:/usr/lib/jvm/java-11-openjdk-amd64/!/modules/java.logging/:/usr/lib/jvm/java-11-openjdk-amd64/!/modules/java.management/:/usr/lib/jvm/java-11-openjdk-amd64/!/modules/java.management.rmi/:/usr/lib/jvm/java-11-openjdk-amd64/!/modules/java.naming/:/usr/lib/jvm/java-11-openjdk-amd64/!/modules/java.net.http/:/usr/lib/jvm/java-11-openjdk-amd64/!/modules/java.prefs/:/usr/lib/jvm/java-11-openjdk-amd64/!/modules/java.rmi/:/usr/lib/jvm/java-11-openjdk-amd64/!/modules/java.scripting/:/usr/lib/jvm/java-11-openjdk-amd64/!/modules/java.se/:/usr/lib/jvm/java-11-openjdk-amd64/!/modules/java.security.jgss/:/usr/lib/jvm/java-11-openjdk-amd64/!/modules/java.security.sasl/:/usr/lib/jvm/java-11-openjdk-amd64/!/modules/java.smartcardio/:/usr/lib/jvm/java-11-openjdk-amd64/!/modules/java.sql/:/usr/lib/jvm/java-11-openjdk-amd64/!/modules/java.sql.rowset/:/usr/lib/jvm/java-11-openjdk-amd64/!/modules/java.transaction.xa/:/usr/lib/jvm/java-11-openjdk-amd64/!/modules/java.xml/:/usr/lib/jvm/java-11-openjdk-amd64/!/modules/java.xml.crypto/:/usr/lib/jvm/java-11-openjdk-amd64/!/modules/jdk.accessibility/:/usr/lib/jvm/java-11-openjdk-amd64/!/modules/jdk.aot/:/usr/lib/jvm/java-11-openjdk-amd64/!/modules/jdk.attach/:/usr/lib/jvm/java-11-openjdk-amd64/!/modules/jdk.charsets/:/usr/lib/jvm/java-11-openjdk-amd64/!/modules/jdk.compiler/:/usr/lib/jvm/java-11-openjdk-amd64/!/modules/jdk.crypto.cryptoki/:/usr/lib/jvm/java-11-openjdk-amd64/!/modules/jdk.crypto.ec/:/usr/lib/jvm/java-11-openjdk-amd64/!/modules/jdk.dynalink/:/usr/lib/jvm/java-11-openjdk-amd64/!/modules/jdk.editpad/:/usr/lib/jvm/java-11-openjdk-amd64/!/modules/jdk.hotspot.agent/:/usr/lib/jvm/java-11-openjdk-amd64/!/modules/jdk.httpserver/:/usr/lib/jvm/java-11-openjdk-amd64/!/modules/jdk.internal.ed/:/usr/lib/jvm/java-11-openjdk-amd64/!/modules/jdk.internal.jvmstat/:/usr/lib/jvm/java-11-openjdk-amd64/!/modules/jdk.internal.le/:/usr/lib/jvm/java-11-openjdk-amd64/!/modules/jdk.internal.opt/:/usr/lib/jvm/java-11-openjdk-amd64/!/modules/jdk.internal.vm.ci/:/usr/lib/jvm/java-11-openjdk-amd64/!/modules/jdk.internal.vm.compiler/:/usr/lib/jvm/java-11-openjdk-amd64/!/modules/jdk.internal.vm.compiler.management/:/usr/lib/jvm/java-11-openjdk-amd64/!/modules/jdk.jartool/:/usr/lib/jvm/java-11-openjdk-amd64/!/modules/jdk.javadoc/:/usr/lib/jvm/java-11-openjdk-amd64/!/modules/jdk.jcmd/:/usr/lib/jvm/java-11-openjdk-amd64/!/modules/jdk.jconsole/:/usr/lib/jvm/java-11-openjdk-amd64/!/modules/jdk.jdeps/:/usr/lib/jvm/java-11-openjdk-amd64/!/modules/jdk.jdi/:/usr/lib/jvm/java-11-openjdk-amd64/!/modules/jdk.jdwp.agent/:/usr/lib/jvm/java-11-openjdk-amd64/!/modules/jdk.jfr/:/usr/lib/jvm/java-11-openjdk-amd64/!/modules/jdk.jlink/:/usr/lib/jvm/java-11-openjdk-amd64/!/modules/jdk.jshell/:/usr/lib/jvm/java-11-openjdk-amd64/!/modules/jdk.jsobject/:/usr/lib/jvm/java-11-openjdk-amd64/!/modules/jdk.jstatd/:/usr/lib/jvm/java-11-openjdk-amd64/!/modules/jdk.localedata/:/usr/lib/jvm/java-11-openjdk-amd64/!/modules/jdk.management/:/usr/lib/jvm/java-11-openjdk-amd64/!/modules/jdk.management.agent/:/usr/lib/jvm/java-11-openjdk-amd64/!/modules/jdk.management.jfr/:/usr/lib/jvm/java-11-openjdk-amd64/!/modules/jdk.naming.dns/:/usr/lib/jvm/java-11-openjdk-amd64/!/modules/jdk.naming.ldap/:/usr/lib/jvm/java-11-openjdk-amd64/!/modules/jdk.naming.rmi/:/usr/lib/jvm/java-11-openjdk-amd64/!/modules/jdk.net/:/usr/lib/jvm/java-11-openjdk-amd64/!/modules/jdk.pack/:/usr/lib/jvm/java-11-openjdk-amd64/!/modules/jdk.rmic/:/usr/lib/jvm/java-11-openjdk-amd64/!/modules/jdk.scripting.nashorn/:/usr/lib/jvm/java-11-openjdk-amd64/!/modules/jdk.scripting.nashorn.shell/:/usr/lib/jvm/java-11-openjdk-amd64/!/modules/jdk.sctp/:/usr/lib/jvm/java-11-openjdk-amd64/!/modules/jdk.security.auth/:/usr/lib/jvm/java-11-openjdk-amd64/!/modules/jdk.security.jgss/:/usr/lib/jvm/java-11-openjdk-amd64/!/modules/jdk.unsupported/:/usr/lib/jvm/java-11-openjdk-amd64/!/modules/jdk.unsupported.desktop/:/usr/lib/jvm/java-11-openjdk-amd64/!/modules/jdk.xml.dom/:/usr/lib/jvm/java-11-openjdk-amd64/!/modules/jdk.zipfs/" />
    <property name="jna.loaded" value="true" />
    <property name="libs.junit_5.maven-pom" value="" />
    <property name="libs.jpa20-persistence.javadoc" value="/usr/local/netbeans-12.3/netbeans/java/modules/ext/docs/javax.persistence-2.2.1-doc.zip" />
    <property name="libs.Java_Tuple.maven-pom" value="" />
    <property name="ant.junit.enabletestlistenerevents" value="true" />
    <property name="libs.JWSAntTasks.src" value="" />
    <property name="ant.home" value="/usr/local/netbeans-12.3/netbeans/extide/ant" />
    <property name="libs.spring-webmvc3.0.src" value="" />
    <property name="debug.test.classpath" value="/home/zialen/javafx-sdk-11.0.2/lib/javafx-swt.jar:/home/zialen/javafx-sdk-11.0.2/lib/javafx.base.jar:/home/zialen/javafx-sdk-11.0.2/lib/javafx.controls.jar:/home/zialen/javafx-sdk-11.0.2/lib/javafx.fxml.jar:/home/zialen/javafx-sdk-11.0.2/lib/javafx.graphics.jar:/home/zialen/javafx-sdk-11.0.2/lib/javafx.media.jar:/home/zialen/javafx-sdk-11.0.2/lib/javafx.swing.jar:/home/zialen/javafx-sdk-11.0.2/lib/javafx.web.jar:/home/zialen/FAKS/JavaMIhelcic/Librarires/jfreechart-1.0.19/lib/hamcrest-core-1.3.jar:/home/zialen/FAKS/JavaMIhelcic/Librarires/jfreechart-1.0.19/lib/jcommon-1.0.23.jar:/home/zialen/FAKS/JavaMIhelcic/Librarires/jfreechart-1.0.19/lib/jfreechart-1.0.19-experimental.jar:/home/zialen/FAKS/JavaMIhelcic/Librarires/jfreechart-1.0.19/lib/jfreechart-1.0.19-swt.jar:/home/zialen/FAKS/JavaMIhelcic/Librarires/jfreechart-1.0.19/lib/jfreechart-1.0.19.jar:/home/zialen/FAKS/JavaMIhelcic/Librarires/jfreechart-1.0.19/lib/jfreesvg-2.0.jar:/home/zialen/FAKS/JavaMIhelcic/Librarires/jfreechart-1.0.19/lib/junit-4.11.jar:/home/zialen/FAKS/JavaMIhelcic/Librarires/jfreechart-1.0.19/lib/orsoncharts-1.4-eval-nofx.jar:/home/zialen/FAKS/JavaMIhelcic/Librarires/jfreechart-1.0.19/lib/orsonpdf-1.6-eval.jar:/home/zialen/FAKS/JavaMIhelcic/Librarires/jfreechart-1.0.19/lib/servlet.jar:/home/zialen/FAKS/JavaMIhelcic/Librarires/jfreechart-1.0.19/lib/swtgraphics2d.jar:/home/zialen/FAKS/JavaMIhelcic/Librarires/sqlite-jdbc-3.36.0.1.jar:build/classes:/usr/local/netbeans-12.3/netbeans/platform/modules/ext/junit-jupiter-api-5.6.0.jar:/usr/local/netbeans-12.3/netbeans/platform/modules/ext/junit-jupiter-params-5.6.0.jar:/usr/local/netbeans-12.3/netbeans/platform/modules/ext/junit-jupiter-engine-5.6.0.jar:/home/zialen/FAKS/JavaMIhelcic/Librarires/sqlite-jdbc-3.36.0.1.jar:/usr/local/netbeans-12.3/netbeans/platform/modules/ext/junit-4.13.1.jar:/usr/local/netbeans-12.3/netbeans/platform/modules/ext/hamcrest-core-1.3.jar:/home/zialen/javafx-sdk-11.0.2/lib/javafx-swt.jar:/home/zialen/javafx-sdk-11.0.2/lib/javafx.base.jar:/home/zialen/javafx-sdk-11.0.2/lib/javafx.controls.jar:/home/zialen/javafx-sdk-11.0.2/lib/javafx.fxml.jar:/home/zialen/javafx-sdk-11.0.2/lib/javafx.graphics.jar:/home/zialen/javafx-sdk-11.0.2/lib/javafx.media.jar:/home/zialen/javafx-sdk-11.0.2/lib/javafx.swing.jar:/home/zialen/javafx-sdk-11.0.2/lib/javafx.web.jar:build/test/classes:/home/zialen/FAKS/JavaMIhelcic/Librarires/sqlite-jdbc-3.36.0.1.jar" />
    <property name="javac.external.vm" value="true" />
    <property name="have.tests" value="true" />
    <property name="testng.debug.mode" value="" />
    <property name="jnlp.signing" value="" />
    <property name="javac.target" value="16" />
    <property name="ant.version" value="Apache Ant(TM) version 1.10.8 compiled on May 10 2020" />
    <property name="libs.absolutelayout.maven-pom" value="" />
    <property name="jdk.gtk.version" value="2.2" />
    <property name="java.failonerror" value="true" />
    <property name="libs.spring-framework500.src" value="" />
    <property name="javac.modulepath" value="" />
    <property name="libs.javaee-api-6.0.src" value="" />
    <property name="user.properties.file" value="/home/zialen/.netbeans/12.3/build.properties" />
    <property name="netbeans.autoupdate.country" value="HR" />
    <property name="nb.wait.for.caches" value="true" />
    <property name="java.class.path" value="/home/zialen/javafx-sdk-11.0.2/lib/javafx-swt.jar:/home/zialen/javafx-sdk-11.0.2/lib/javafx.base.jar:/home/zialen/javafx-sdk-11.0.2/lib/javafx.controls.jar:/home/zialen/javafx-sdk-11.0.2/lib/javafx.fxml.jar:/home/zialen/javafx-sdk-11.0.2/lib/javafx.graphics.jar:/home/zialen/javafx-sdk-11.0.2/lib/javafx.media.jar:/home/zialen/javafx-sdk-11.0.2/lib/javafx.swing.jar:/home/zialen/javafx-sdk-11.0.2/lib/javafx.web.jar:/home/zialen/FAKS/JavaMIhelcic/Librarires/jfreechart-1.0.19/lib/hamcrest-core-1.3.jar:/home/zialen/FAKS/JavaMIhelcic/Librarires/jfreechart-1.0.19/lib/jcommon-1.0.23.jar:/home/zialen/FAKS/JavaMIhelcic/Librarires/jfreechart-1.0.19/lib/jfreechart-1.0.19-experimental.jar:/home/zialen/FAKS/JavaMIhelcic/Librarires/jfreechart-1.0.19/lib/jfreechart-1.0.19-swt.jar:/home/zialen/FAKS/JavaMIhelcic/Librarires/jfreechart-1.0.19/lib/jfreechart-1.0.19.jar:/home/zialen/FAKS/JavaMIhelcic/Librarires/jfreechart-1.0.19/lib/jfreesvg-2.0.jar:/home/zialen/FAKS/JavaMIhelcic/Librarires/jfreechart-1.0.19/lib/junit-4.11.jar:/home/zialen/FAKS/JavaMIhelcic/Librarires/jfreechart-1.0.19/lib/orsoncharts-1.4-eval-nofx.jar:/home/zialen/FAKS/JavaMIhelcic/Librarires/jfreechart-1.0.19/lib/orsonpdf-1.6-eval.jar:/home/zialen/FAKS/JavaMIhelcic/Librarires/jfreechart-1.0.19/lib/servlet.jar:/home/zialen/FAKS/JavaMIhelcic/Librarires/jfreechart-1.0.19/lib/swtgraphics2d.jar:/home/zialen/FAKS/JavaMIhelcic/Librarires/sqlite-jdbc-3.36.0.1.jar:/home/zialen/FAKS/JavaMIhelcic/isPrime/isPrime/build/classes:/usr/local/netbeans-12.3/netbeans/platform/modules/ext/junit-jupiter-api-5.6.0.jar:/usr/local/netbeans-12.3/netbeans/platform/modules/ext/junit-jupiter-params-5.6.0.jar:/usr/local/netbeans-12.3/netbeans/platform/modules/ext/junit-jupiter-engine-5.6.0.jar:/usr/local/netbeans-12.3/netbeans/platform/modules/ext/junit-4.13.1.jar:/usr/local/netbeans-12.3/netbeans/platform/modules/ext/hamcrest-core-1.3.jar:/home/zialen/FAKS/JavaMIhelcic/isPrime/isPrime/build/test/classes:/usr/local/netbeans-12.3/netbeans/extide/ant/lib/ant-launcher.jar:/usr/local/netbeans-12.3/netbeans/extide/ant/lib/ant.jar:/usr/local/netbeans-12.3/netbeans/extide/ant/lib/ant-junit.jar:/usr/local/netbeans-12.3/netbeans/extide/ant/lib/ant-junit4.jar" />
    <property name="libs.javaee-web-api-6.0.maven-pom" value="" />
    <property name="java.vm.vendor" value="Private Build" />
    <property name="ap.supported.internal" value="true" />
    <property name="netbeans.home+have.tests" value="true" />
    <property name="test.binaryexcludes" value="" />
    <property name="javac.compilerargs" value="" />
    <property name="libs.jstl.maven-pom" value="" />
    <property name="libs.jakartaee-web-api-8.0.src" value="" />
    <property name="sun.cpu.endian" value="little" />
    <property name="libs.junit_4.src" value="/usr/local/netbeans-12.3/netbeans/platform/docs/junit-4.13.1-sources.jar" />
    <property name="user.language" value="hr" />
    <property name="copylibs.rebase" value="true" />
    <property name="maven.defaultProjectBuilder.disableGlobalModelCache" value="true" />
    <property name="libs.javaee-web-api-6.0.src" value="" />
    <property name="javadoc.nonavbar" value="false" />
    <property name="libs.javaee-api-8.0.src" value="" />
    <property name="ant.java.version" value="16" />
    <property name="libs.junit_4.classpath" value="/usr/local/netbeans-12.3/netbeans/platform/modules/ext/junit-4.13.1.jar" />
    <property name="jlink.launcher.name" value="isPrime" />
    <property name="test.binarytestincludes" value="" />
    <property name="libs.junit_4.maven-pom" value="" />
    <property name="libs.spring-webmvc5.0.maven-pom" value="" />
    <property name="libs.jsp-compiler.maven-pom" value="" />
    <property name="runtime.encoding" value="UTF-8" />
    <property name="jlink.additionalmodules" value="" />
    <property name="libs.JavaFX.src" value="" />
    <property name="javac.classpath" value="/home/zialen/javafx-sdk-11.0.2/lib/javafx-swt.jar:/home/zialen/javafx-sdk-11.0.2/lib/javafx.base.jar:/home/zialen/javafx-sdk-11.0.2/lib/javafx.controls.jar:/home/zialen/javafx-sdk-11.0.2/lib/javafx.fxml.jar:/home/zialen/javafx-sdk-11.0.2/lib/javafx.graphics.jar:/home/zialen/javafx-sdk-11.0.2/lib/javafx.media.jar:/home/zialen/javafx-sdk-11.0.2/lib/javafx.swing.jar:/home/zialen/javafx-sdk-11.0.2/lib/javafx.web.jar:/home/zialen/FAKS/JavaMIhelcic/Librarires/jfreechart-1.0.19/lib/hamcrest-core-1.3.jar:/home/zialen/FAKS/JavaMIhelcic/Librarires/jfreechart-1.0.19/lib/jcommon-1.0.23.jar:/home/zialen/FAKS/JavaMIhelcic/Librarires/jfreechart-1.0.19/lib/jfreechart-1.0.19-experimental.jar:/home/zialen/FAKS/JavaMIhelcic/Librarires/jfreechart-1.0.19/lib/jfreechart-1.0.19-swt.jar:/home/zialen/FAKS/JavaMIhelcic/Librarires/jfreechart-1.0.19/lib/jfreechart-1.0.19.jar:/home/zialen/FAKS/JavaMIhelcic/Librarires/jfreechart-1.0.19/lib/jfreesvg-2.0.jar:/home/zialen/FAKS/JavaMIhelcic/Librarires/jfreechart-1.0.19/lib/junit-4.11.jar:/home/zialen/FAKS/JavaMIhelcic/Librarires/jfreechart-1.0.19/lib/orsoncharts-1.4-eval-nofx.jar:/home/zialen/FAKS/JavaMIhelcic/Librarires/jfreechart-1.0.19/lib/orsonpdf-1.6-eval.jar:/home/zialen/FAKS/JavaMIhelcic/Librarires/jfreechart-1.0.19/lib/servlet.jar:/home/zialen/FAKS/JavaMIhelcic/Librarires/jfreechart-1.0.19/lib/swtgraphics2d.jar:/home/zialen/FAKS/JavaMIhelcic/Librarires/sqlite-jdbc-3.36.0.1.jar" />
    <property name="libs.jakartaee-web-api-8.0.classpath" value="/usr/local/netbeans-12.3/netbeans/enterprise/modules/ext/jakarta.jakartaee-web-api-8.0.0.jar" />
    <property name="dist.jlink.dir" value="dist/jlink" />
    <property name="nb.junit.batch" value="true" />
    <property name="build.test.classes.dir" value="build/test/classes" />
    <property name="libs.spring-framework300.maven-pom" value="" />
    <property name="ant.project.invoked-targets" value="test" />
    <property name="libs.jstl.classpath" value="/usr/local/netbeans-12.3/netbeans/enterprise/modules/ext/jstl-impl.jar:/usr/local/netbeans-12.3/netbeans/enterprise/modules/ext/jstl-api.jar" />
    <property name="ap.cmd.line.internal" value="" />
    <property name="jna.platform.library.path" value="/usr/lib/x86_64-linux-gnu:/lib/x86_64-linux-gnu:/usr/lib64:/lib64:/usr/lib:/lib" />
    <property name="libs.PostgreSQLDriver.src" value="" />
    <property name="platform.compiler" value="${platforms.JDK_16.compile}" />
    <property name="java.vendor.url.bug" value="Unknown" />
    <property name="annotation.processing.source.output" value="build/generated-sources/ap-source-output" />
    <property name="libs.javaee-endorsed-api-6.0.maven-pom" value="" />
    <property name="user.dir" value="/home/zialen/FAKS/JavaMIhelcic/isPrime/isPrime" />
    <property name="platform.java" value="/usr/lib/jvm/java-16-openjdk-amd64/bin/java" />
    <property name="application.args" value="" />
    <property name="org.xml.sax.driver" value="com.sun.org.apache.xerces.internal.jaxp.SAXParserImpl$JAXPSAXParser" />
    <property name="libs.jakartaee-web-api-8.0.maven-pom" value="" />
    <property name="libs.eclipselink.src" value="" />
    <property name="manifest.custom.codebase" value="" />
    <property name="java.vm.version" value="16.0.1+9-Ubuntu-120.04" />
    <property name="libs.metro.javadoc" value="/usr/local/netbeans-12.3/netbeans/enterprise/docs/webservices-api-javadoc.jar:/usr/local/netbeans-12.3/netbeans/enterprise/docs/webservices-extra-javadoc.jar:/usr/local/netbeans-12.3/netbeans/enterprise/docs/webservices-extra-api-javadoc.jar:/usr/local/netbeans-12.3/netbeans/enterprise/docs/webservices-rt-javadoc.jar:/usr/local/netbeans-12.3/netbeans/enterprise/docs/webservices-tools-javadoc.jar" />
    <property name="sun.awt.datatransfer.timeout" value="1000" />
    <property name="junit.forkmode" value="perTest" />
    <property name="annotation.processing.run.all.processors" value="true" />
    <property name="libs.jakartaee-api-8.0.src" value="" />
    <property name="libs.javaee-web-api-7.0.src" value="" />
    <property name="libs.jsp-compiler.classpath" value="/usr/local/netbeans-12.3/netbeans/enterprise/ant/extra/jspcompile.jar" />
    <property name="libs.javaee-endorsed-api-6.0.classpath" value="/usr/local/netbeans-12.3/netbeans/enterprise/modules/ext/javaee6-endorsed/javax.annotation.jar:/usr/local/netbeans-12.3/netbeans/enterprise/modules/ext/javaee6-endorsed/jaxb-api-osgi.jar:/usr/local/netbeans-12.3/netbeans/enterprise/modules/ext/javaee6-endorsed/webservices-api-osgi.jar" />
  </properties>
  <testcase classname="Algorithms.SqrtTest" name="testCall" time="0.002" />
  <testcase classname="Algorithms.SqrtTest" name="testIsPrime" time="0.038" />
  <system-out><![CDATA[call
isPrime
]]></system-out>
  <system-err><![CDATA[]]></system-err>
</testsuite>
